[INFO] [2022-11-15 13:28:34,973] [Thread-5]: thread started
[INFO] [2022-11-15 13:28:34,974] [Thread-5]: Trying to connect to https://open.spotify.com/track/0zMzyHAeMvwq5CRstru1Fp
[INFO] [2022-11-15 13:28:35,761] [Thread-5]: connected successfully getting song info

[INFO] [2022-11-15 13:28:35,766] [Thread-5]: Trying to connect to https://open.spotify.com/track/4h0zU3O9R5xzuTmNO7dNDU
[INFO] [2022-11-15 13:28:36,471] [Thread-5]: connected successfully getting song info

[INFO] [2022-11-15 13:28:36,475] [Thread-5]: Trying to connect to https://open.spotify.com/track/5rFj8OzffT0iggSjcBaeND
[INFO] [2022-11-15 13:28:37,451] [Thread-5]: connected successfully getting song info

[INFO] [2022-11-15 13:28:37,454] [Thread-5]: Trying to connect to https://open.spotify.com/track/5Nm9ERjJZ5oyfXZTECKmRt
[INFO] [2022-11-15 13:28:38,457] [Thread-5]: connected successfully getting song info

[INFO] [2022-11-15 13:28:38,463] [Thread-5]: Trying to connect to https://open.spotify.com/track/3nqQXoyQOWXiESFLlDF1hG
[INFO] [2022-11-15 13:28:42,056] [Thread-5]: connected successfully getting song info

[INFO] [2022-11-15 13:28:42,066] [Thread-5]: Trying to connect to https://open.spotify.com/track/52iLDrSoRtf9lcgFuLVfqE
[INFO] [2022-11-15 13:28:42,692] [Thread-5]: connected successfully getting song info

[INFO] [2022-11-15 13:28:42,697] [Thread-5]: Trying to connect to https://open.spotify.com/track/3ACM1jxZjXODylcYuYazcL
[INFO] [2022-11-15 13:28:43,352] [Thread-5]: connected successfully getting song info

[INFO] [2022-11-15 13:28:43,356] [Thread-5]: Trying to connect to https://open.spotify.com/track/40CASSesK4IyM8Ud5sMsdp
[INFO] [2022-11-15 13:28:44,210] [Thread-5]: connected successfully getting song info

[INFO] [2022-11-15 13:28:44,210] [Thread-5]: Trying to connect to https://open.spotify.com/track/5Sco7mbJy7p7vdDtJW10fZ
[INFO] [2022-11-15 13:28:44,922] [Thread-5]: connected successfully getting song info

[INFO] [2022-11-15 13:28:44,926] [Thread-5]: Trying to connect to https://open.spotify.com/track/7uCBGNn991AM68fR4tSDco
[INFO] [2022-11-15 13:28:45,787] [Thread-5]: connected successfully getting song info

[INFO] [2022-11-15 13:28:45,799] [Thread-5]: Trying to connect to https://open.spotify.com/track/5sqJrTHwsbdrC3nzexXien
[INFO] [2022-11-15 13:28:46,803] [Thread-5]: connected successfully getting song info

[INFO] [2022-11-15 13:28:46,810] [Thread-5]: Trying to connect to https://open.spotify.com/track/027qrQMWGsHo13amwdaBkI
[INFO] [2022-11-15 13:28:47,961] [Thread-5]: connected successfully getting song info

[INFO] [2022-11-15 13:28:47,973] [Thread-5]: Trying to connect to https://open.spotify.com/track/5AU57UY8wDFicbZw8E6mw2
[INFO] [2022-11-15 13:28:49,261] [Thread-5]: connected successfully getting song info

[INFO] [2022-11-15 13:28:49,262] [Thread-5]: Trying to connect to https://open.spotify.com/track/545IAvJhs5Q8vzegmqmy6w
[INFO] [2022-11-15 13:28:52,662] [Thread-5]: connected successfully getting song info

[INFO] [2022-11-15 13:28:52,678] [Thread-5]: Trying to connect to https://open.spotify.com/track/5g9I9uYUcbvtkAuZXjqGfP
[INFO] [2022-11-15 13:28:55,286] [Thread-5]: connected successfully getting song info

[INFO] [2022-11-15 13:28:55,290] [Thread-5]: Trying to connect to https://open.spotify.com/track/2cppGOIz0cuDnKoGzrDsJQ
[INFO] [2022-11-15 13:28:56,606] [Thread-5]: connected successfully getting song info

[INFO] [2022-11-15 13:28:56,611] [Thread-5]: Trying to connect to https://open.spotify.com/track/3NjnjF26CQer9yRTNDfvqQ
[INFO] [2022-11-15 13:28:57,533] [Thread-5]: connected successfully getting song info

[INFO] [2022-11-15 13:28:57,533] [Thread-5]: Trying to connect to https://open.spotify.com/track/0Di4xlEas5KZ4pF52Vb2tG
[INFO] [2022-11-15 13:28:58,655] [Thread-5]: connected successfully getting song info

[INFO] [2022-11-15 13:28:58,661] [Thread-5]: Trying to connect to https://open.spotify.com/track/6CG9h12IPYyqGBNBp72SuR
[INFO] [2022-11-15 13:28:59,716] [Thread-5]: connected successfully getting song info

[INFO] [2022-11-15 13:28:59,721] [Thread-5]: Trying to connect to https://open.spotify.com/track/0sJ4NbFdEhgLOtInlbRmFl
[INFO] [2022-11-15 13:29:00,521] [Thread-5]: connected successfully getting song info

[INFO] [2022-11-15 13:29:00,526] [Thread-5]: Trying to connect to https://open.spotify.com/track/3SWqGa1J0M7hSBUDM0KePD
[INFO] [2022-11-15 13:29:01,435] [Thread-5]: connected successfully getting song info

[INFO] [2022-11-15 13:29:01,440] [Thread-5]: Trying to connect to https://open.spotify.com/track/6A6PDawvZIfnJHW40sBHzz
[INFO] [2022-11-15 13:29:02,231] [Thread-5]: connected successfully getting song info

[INFO] [2022-11-15 13:29:02,234] [Thread-5]: Trying to connect to https://open.spotify.com/track/3LhGRE7ZNOEZhrqazWMYRI
[INFO] [2022-11-15 13:29:03,164] [Thread-5]: connected successfully getting song info

[INFO] [2022-11-15 13:29:03,169] [Thread-5]: Trying to connect to https://open.spotify.com/track/5k02Wjsu2MdpF3c9VFQD0k
[INFO] [2022-11-15 13:29:03,990] [Thread-5]: connected successfully getting song info

[INFO] [2022-11-15 13:29:03,993] [Thread-5]: Trying to connect to https://open.spotify.com/track/65Ce0h4SA18GuH6nuI1QWe
[INFO] [2022-11-15 13:29:04,879] [Thread-5]: connected successfully getting song info

[INFO] [2022-11-15 13:29:04,883] [Thread-5]: Trying to connect to https://open.spotify.com/track/7Fv8Qp3tTSbSS2VjryUF7L
[INFO] [2022-11-15 13:29:05,604] [Thread-5]: connected successfully getting song info

[INFO] [2022-11-15 13:29:05,608] [Thread-5]: Trying to connect to https://open.spotify.com/track/4Y3NhXIiXodNbyXdLpRF0n
[INFO] [2022-11-15 13:29:06,288] [Thread-5]: connected successfully getting song info

[INFO] [2022-11-15 13:29:06,294] [Thread-5]: Trying to connect to https://open.spotify.com/track/6rrKbzJGGDlSZgLphopS49
[INFO] [2022-11-15 13:29:07,088] [Thread-5]: connected successfully getting song info

[INFO] [2022-11-15 13:29:07,092] [Thread-5]: Trying to connect to https://open.spotify.com/track/3mTEYjm3kIm4YzJ5zxJZjs
[INFO] [2022-11-15 13:29:07,944] [Thread-5]: connected successfully getting song info

[INFO] [2022-11-15 13:29:07,947] [Thread-5]: Trying to connect to https://open.spotify.com/track/7wMq5n8mYSKlQIGECKUgTX
[INFO] [2022-11-15 13:29:08,751] [Thread-5]: connected successfully getting song info

[INFO] [2022-11-15 13:29:08,758] [Thread-5]: Trying to connect to https://open.spotify.com/track/3nqqDo8CcCLke3ZoTgiOKf
[INFO] [2022-11-15 13:29:09,861] [Thread-5]: connected successfully getting song info

[INFO] [2022-11-15 13:29:09,866] [Thread-5]: Trying to connect to https://open.spotify.com/track/37sINbJZcFdHFAsVNsPq1i
[INFO] [2022-11-15 13:29:11,628] [Thread-5]: connected successfully getting song info

[INFO] [2022-11-15 13:29:11,631] [Thread-5]: Trying to connect to https://open.spotify.com/track/0tBbt8CrmxbjRP0pueQkyU
[INFO] [2022-11-15 13:29:14,142] [Thread-5]: connected successfully getting song info

[INFO] [2022-11-15 13:29:14,145] [Thread-5]: Trying to connect to https://open.spotify.com/track/087TQxKXWrA7yfRa7dS5Ve
[INFO] [2022-11-15 13:29:14,898] [Thread-5]: connected successfully getting song info

[INFO] [2022-11-15 13:29:14,901] [Thread-5]: Trying to connect to https://open.spotify.com/track/0BZwBHaJKCClcVXIAZA0F5
[INFO] [2022-11-15 13:29:15,604] [Thread-5]: connected successfully getting song info

[INFO] [2022-11-15 13:29:15,605] [Thread-5]: Trying to connect to https://open.spotify.com/track/1w8I30qzVlqUgkp0P9bXh1
[INFO] [2022-11-15 13:29:16,381] [Thread-5]: connected successfully getting song info

[INFO] [2022-11-15 13:29:16,383] [Thread-5]: Trying to connect to https://open.spotify.com/track/2IEWP8OvgxXZcpx7h2rFF4
[INFO] [2022-11-15 13:29:17,084] [Thread-5]: connected successfully getting song info

[INFO] [2022-11-15 13:29:17,101] [Thread-5]: Trying to connect to https://open.spotify.com/track/4olRlYHiXSF31lmmHE920D
[INFO] [2022-11-15 13:29:17,885] [Thread-5]: connected successfully getting song info

[INFO] [2022-11-15 13:29:17,889] [Thread-5]: Trying to connect to https://open.spotify.com/track/3JLhpzsdRKu2XX40hWkAo0
[INFO] [2022-11-15 13:29:18,677] [Thread-5]: connected successfully getting song info

[INFO] [2022-11-15 13:29:18,680] [Thread-5]: Trying to connect to https://open.spotify.com/track/29MbJ4ReqIZ2lduxiwp8Cd
[INFO] [2022-11-15 13:29:19,424] [Thread-5]: connected successfully getting song info

[INFO] [2022-11-15 13:29:19,427] [Thread-5]: Trying to connect to https://open.spotify.com/track/2gfy5Tqj7XFycx4ervSCuU
[INFO] [2022-11-15 13:29:20,010] [Thread-5]: connected successfully getting song info

[INFO] [2022-11-15 13:29:20,014] [Thread-5]: Trying to connect to https://open.spotify.com/track/0TK2YIli7K1leLovkQiNik
[INFO] [2022-11-15 13:29:21,026] [Thread-5]: connected successfully getting song info

[INFO] [2022-11-15 13:29:21,029] [Thread-5]: Trying to connect to https://open.spotify.com/track/3zkWCteF82vJwv0hRLba76
[INFO] [2022-11-15 13:29:22,200] [Thread-5]: connected successfully getting song info

[INFO] [2022-11-15 13:29:22,204] [Thread-5]: Trying to connect to https://open.spotify.com/track/7JJmb5XwzOO8jgpou264Ml
[INFO] [2022-11-15 13:29:23,139] [Thread-5]: connected successfully getting song info

[INFO] [2022-11-15 13:29:23,144] [Thread-5]: Trying to connect to https://open.spotify.com/track/2J2Z1SkXYghSajLibnQHOa
[INFO] [2022-11-15 13:29:24,126] [Thread-5]: connected successfully getting song info

[INFO] [2022-11-15 13:29:24,130] [Thread-5]: Trying to connect to https://open.spotify.com/track/1kFlDnWmBTvCBxxeGDpIdp
[INFO] [2022-11-15 13:29:24,858] [Thread-5]: connected successfully getting song info

[INFO] [2022-11-15 13:29:24,862] [Thread-5]: Trying to connect to https://open.spotify.com/track/1eCTQhsNA31FcwyNcJcf86
[INFO] [2022-11-15 13:29:25,592] [Thread-5]: connected successfully getting song info

[INFO] [2022-11-15 13:29:25,592] [Thread-5]: Trying to connect to https://open.spotify.com/track/7F1CiKqrY44kh5cDqwHOnx
[INFO] [2022-11-15 13:29:26,329] [Thread-5]: connected successfully getting song info

[INFO] [2022-11-15 13:29:26,336] [Thread-5]: Trying to connect to https://open.spotify.com/track/3Xfg7AegXaDLoD5GOUMf2e
[INFO] [2022-11-15 13:29:27,048] [Thread-5]: connected successfully getting song info

[INFO] [2022-11-15 13:29:27,053] [Thread-5]: Trying to connect to https://open.spotify.com/track/3Pj6u2KTgepyyidp5xfbHp
[INFO] [2022-11-15 13:29:27,873] [Thread-5]: connected successfully getting song info

[INFO] [2022-11-15 13:29:27,880] [Thread-5]: Trying to connect to https://open.spotify.com/track/4vDGc8mD9kHbC2Yy6pF6SE
[INFO] [2022-11-15 13:29:28,540] [Thread-5]: connected successfully getting song info

[INFO] [2022-11-15 13:29:28,543] [Thread-5]: Trying to connect to https://open.spotify.com/track/16Azhyv8164hYxI8Ax3F5k
[INFO] [2022-11-15 13:29:29,246] [Thread-5]: connected successfully getting song info

[INFO] [2022-11-15 13:29:29,251] [Thread-5]: Trying to connect to https://open.spotify.com/track/3p94RpSxQdZocUfrzpemmm
[INFO] [2022-11-15 13:29:29,868] [Thread-5]: connected successfully getting song info

[INFO] [2022-11-15 13:29:29,872] [Thread-5]: Trying to connect to https://open.spotify.com/track/18A7ha5BitZjmdHTCwXFbU
[INFO] [2022-11-15 13:29:30,692] [Thread-5]: connected successfully getting song info

[INFO] [2022-11-15 13:29:30,695] [Thread-5]: Trying to connect to https://open.spotify.com/track/5fS4aw6hfmM0VMnyhdsbvR
[INFO] [2022-11-15 13:29:31,397] [Thread-5]: connected successfully getting song info

[INFO] [2022-11-15 13:29:31,406] [Thread-5]: Trying to connect to https://open.spotify.com/track/5t3LWKAUzvhwbyIxsHHW5E
[INFO] [2022-11-15 13:29:32,508] [Thread-5]: connected successfully getting song info

[INFO] [2022-11-15 13:29:32,511] [Thread-5]: Trying to connect to https://open.spotify.com/track/2NF0gMDLnJSaqIfj0SvrDi
[INFO] [2022-11-15 13:29:33,425] [Thread-5]: connected successfully getting song info

[INFO] [2022-11-15 13:29:33,429] [Thread-5]: Trying to connect to https://open.spotify.com/track/6uFsE1JgZ20EXyU0JQZbUR
[INFO] [2022-11-15 13:29:34,588] [Thread-5]: connected successfully getting song info

[INFO] [2022-11-15 13:29:34,590] [Thread-5]: Trying to connect to https://open.spotify.com/track/2Rk4JlNc2TPmZe2af99d45
[INFO] [2022-11-15 13:29:36,326] [Thread-5]: connected successfully getting song info

[INFO] [2022-11-15 13:29:36,331] [Thread-5]: Trying to connect to https://open.spotify.com/track/0hTrQoqDmFnA4S1PC265e1
[INFO] [2022-11-15 13:29:37,554] [Thread-5]: connected successfully getting song info

[INFO] [2022-11-15 13:29:37,557] [Thread-5]: Trying to connect to https://open.spotify.com/track/47qYqGPgMTh3l1PRKBHEfI
[INFO] [2022-11-15 13:29:38,369] [Thread-5]: connected successfully getting song info

[INFO] [2022-11-15 13:29:38,372] [Thread-5]: Trying to connect to https://open.spotify.com/track/0saGACKtFP1ZVW4Nd4IkCw
[INFO] [2022-11-15 13:29:39,079] [Thread-5]: connected successfully getting song info

[INFO] [2022-11-15 13:29:39,084] [Thread-5]: Trying to connect to https://open.spotify.com/track/4JtvyWkWQTPVcroZf8JJkp
[INFO] [2022-11-15 13:29:40,015] [Thread-5]: connected successfully getting song info

[INFO] [2022-11-15 13:29:40,019] [Thread-5]: Trying to connect to https://open.spotify.com/track/78q4ESvMkPVJzHAV11LAGE
[INFO] [2022-11-15 13:29:40,892] [Thread-5]: connected successfully getting song info

[INFO] [2022-11-15 13:29:40,896] [Thread-5]: Trying to connect to https://open.spotify.com/track/2qzl10bAolDzYE505AWfIV
[INFO] [2022-11-15 13:29:41,879] [Thread-5]: connected successfully getting song info

[INFO] [2022-11-15 13:29:41,886] [Thread-5]: Trying to connect to https://open.spotify.com/track/5ZULALImTm80tzUbYQYM9d
[INFO] [2022-11-15 13:29:42,822] [Thread-5]: connected successfully getting song info

[INFO] [2022-11-15 13:29:42,825] [Thread-5]: Trying to connect to https://open.spotify.com/track/3H7ihDc1dqLriiWXwsc2po
[INFO] [2022-11-15 13:29:43,933] [Thread-5]: connected successfully getting song info

[INFO] [2022-11-15 13:29:43,933] [Thread-5]: Trying to connect to https://open.spotify.com/track/4TnjEaWOeW0eKTKIEvJyCa
[INFO] [2022-11-15 13:29:44,834] [Thread-5]: connected successfully getting song info

[INFO] [2022-11-15 13:29:44,864] [Thread-5]: Trying to connect to https://open.spotify.com/track/3CRDbSIZ4r5MsZ0YwxuEkn
[INFO] [2022-11-15 13:29:45,682] [Thread-5]: connected successfully getting song info

[INFO] [2022-11-15 13:29:45,682] [Thread-5]: Trying to connect to https://open.spotify.com/track/2BLC6gorve20qowwRHf5nj
[INFO] [2022-11-15 13:29:46,466] [Thread-5]: connected successfully getting song info

[INFO] [2022-11-15 13:29:46,466] [Thread-5]: Trying to connect to https://open.spotify.com/track/5Hw9CAudVzckWfrsZKDCJC
[INFO] [2022-11-15 13:29:47,167] [Thread-5]: connected successfully getting song info

[INFO] [2022-11-15 13:29:47,182] [Thread-5]: Trying to connect to https://open.spotify.com/track/05Tj9EuuK3me0NBJsgcgd6
[INFO] [2022-11-15 13:29:48,035] [Thread-5]: connected successfully getting song info

[INFO] [2022-11-15 13:29:48,035] [Thread-5]: Trying to connect to https://open.spotify.com/track/4tF4f9GwL52a4VruWF5Brp
[INFO] [2022-11-15 13:29:48,887] [Thread-5]: connected successfully getting song info

[INFO] [2022-11-15 13:29:48,890] [Thread-5]: Trying to connect to https://open.spotify.com/track/7EYv3adMrIC5mqurz7fHhD
[INFO] [2022-11-15 13:29:49,518] [Thread-5]: connected successfully getting song info

[INFO] [2022-11-15 13:29:49,518] [Thread-5]: Trying to connect to https://open.spotify.com/track/5EjozPMy3zGQ5wsX3jxax3
[INFO] [2022-11-15 13:29:50,253] [Thread-5]: connected successfully getting song info

[INFO] [2022-11-15 13:29:50,268] [Thread-5]: Trying to connect to https://open.spotify.com/track/3UEnF6y5tyHVtMzldS3svp
[INFO] [2022-11-15 13:29:51,072] [Thread-5]: connected successfully getting song info

[INFO] [2022-11-15 13:29:51,075] [Thread-5]: Trying to connect to https://open.spotify.com/track/1RPyuGLOheiAKnpxWwZ7Hu
[INFO] [2022-11-15 13:29:52,000] [Thread-5]: connected successfully getting song info

[INFO] [2022-11-15 13:29:52,009] [Thread-5]: Trying to connect to https://open.spotify.com/track/02rlJHfeHfAe7ozTFnDbGi
[INFO] [2022-11-15 13:29:52,800] [Thread-5]: connected successfully getting song info

[INFO] [2022-11-15 13:29:52,800] [Thread-5]: Trying to connect to https://open.spotify.com/track/02shCNmb6IvgB5jLqKjtkK
[INFO] [2022-11-15 13:29:53,494] [Thread-5]: connected successfully getting song info

[INFO] [2022-11-15 13:29:53,497] [Thread-5]: Trying to connect to https://open.spotify.com/track/66TdgLCf9Bic8nBsNv0YuD
[INFO] [2022-11-15 13:29:54,118] [Thread-5]: connected successfully getting song info

[INFO] [2022-11-15 13:29:54,118] [Thread-5]: Trying to connect to https://open.spotify.com/track/6L9p64RiacvHRBQlKFRkho
[INFO] [2022-11-15 13:29:54,745] [Thread-5]: connected successfully getting song info

[INFO] [2022-11-15 13:29:54,748] [Thread-5]: Trying to connect to https://open.spotify.com/track/5kdlxZ5skOYY3VK8RlfEIZ
[INFO] [2022-11-15 13:29:55,452] [Thread-5]: connected successfully getting song info

[INFO] [2022-11-15 13:29:55,452] [Thread-5]: Trying to connect to https://open.spotify.com/track/5V0l4DBUYwNr8ETXqf1Yod
[INFO] [2022-11-15 13:29:56,268] [Thread-5]: connected successfully getting song info

[INFO] [2022-11-15 13:29:56,268] [Thread-5]: Trying to connect to https://open.spotify.com/track/05CrK6Q5VGtfPDtyQFJ4Kf
[INFO] [2022-11-15 13:29:57,136] [Thread-5]: connected successfully getting song info

[INFO] [2022-11-15 13:29:57,138] [Thread-5]: Trying to connect to https://open.spotify.com/track/7xpraKSakDJ6WWgjQEtvgT
[INFO] [2022-11-15 13:29:57,928] [Thread-5]: connected successfully getting song info

[INFO] [2022-11-15 13:29:57,931] [Thread-5]: Trying to connect to https://open.spotify.com/track/4zRZAmBQP8vhNPf9i9opXt
[INFO] [2022-11-15 13:29:58,978] [Thread-5]: connected successfully getting song info

[INFO] [2022-11-15 13:29:58,982] [Thread-5]: Trying to connect to https://open.spotify.com/track/6z3OqZBR4v3w6s0w6dSVhF
[INFO] [2022-11-15 13:30:00,003] [Thread-5]: connected successfully getting song info

[INFO] [2022-11-15 13:30:00,010] [Thread-5]: Trying to connect to https://open.spotify.com/track/1iZYLv8EeDqHogB1i6Y1Wl
[INFO] [2022-11-15 13:30:00,805] [Thread-5]: connected successfully getting song info

[INFO] [2022-11-15 13:30:00,805] [Thread-5]: Trying to connect to https://open.spotify.com/track/2JzZzZUQj3Qff7wapcbKjc
[INFO] [2022-11-15 13:30:01,796] [Thread-5]: connected successfully getting song info

[INFO] [2022-11-15 13:30:01,799] [Thread-5]: Trying to connect to https://open.spotify.com/track/630sXRhIcfwr2e4RdNtjKN
[INFO] [2022-11-15 13:30:02,591] [Thread-5]: connected successfully getting song info

[INFO] [2022-11-15 13:30:02,591] [Thread-5]: Trying to connect to https://open.spotify.com/track/65fpYBrI8o2cfrwf2US4gq
[INFO] [2022-11-15 13:30:03,376] [Thread-5]: connected successfully getting song info

[INFO] [2022-11-15 13:30:03,379] [Thread-5]: Trying to connect to https://open.spotify.com/track/7vQ0YdJLxxiYsVvJRsIy0p
[INFO] [2022-11-15 13:30:04,058] [Thread-5]: connected successfully getting song info

[INFO] [2022-11-15 13:30:04,058] [Thread-5]: Trying to connect to https://open.spotify.com/track/42KkVl7IxKN0osrSsBD72P
[INFO] [2022-11-15 13:30:04,901] [Thread-5]: connected successfully getting song info

[INFO] [2022-11-15 13:30:04,904] [Thread-5]: Trying to connect to https://open.spotify.com/track/0k1qJaNhF5yTZvd4E8NgKL
[INFO] [2022-11-15 13:30:05,836] [Thread-5]: connected successfully getting song info

[INFO] [2022-11-15 13:30:05,838] [Thread-5]: Trying to connect to https://open.spotify.com/track/4Lq2eCJPkusiiLBfoD05d0
[INFO] [2022-11-15 13:30:06,591] [Thread-5]: connected successfully getting song info

[INFO] [2022-11-15 13:30:06,591] [Thread-5]: Trying to connect to https://open.spotify.com/track/1kKPRIlPOXmaAMlYxY8sSS
[INFO] [2022-11-15 13:30:07,409] [Thread-5]: connected successfully getting song info

[INFO] [2022-11-15 13:30:07,409] [Thread-5]: Trying to connect to https://open.spotify.com/track/738SQjONa0q63yhLxvg3m1
[INFO] [2022-11-15 13:30:08,157] [Thread-5]: connected successfully getting song info

[INFO] [2022-11-15 13:30:08,173] [Thread-5]: Trying to connect to https://open.spotify.com/track/5UYYQuk6SjY3S892UuLXE3
[INFO] [2022-11-15 13:30:08,793] [Thread-5]: connected successfully getting song info

[INFO] [2022-11-15 13:30:08,809] [Thread-5]: Trying to connect to https://open.spotify.com/track/0RmUjJteEkkF5kKdhEfwNe
[INFO] [2022-11-15 13:30:09,523] [Thread-5]: connected successfully getting song info

[INFO] [2022-11-15 13:30:09,523] [Thread-5]: Trying to connect to https://open.spotify.com/track/1j4kHkkpqZRBwE0A4CN4Yv
[INFO] [2022-11-15 13:30:10,409] [Thread-5]: connected successfully getting song info

[INFO] [2022-11-15 13:30:10,409] [Thread-5]: Trying to connect to https://open.spotify.com/track/0RoA7ObU6phWpqhlC9zH4Z
[INFO] [2022-11-15 13:30:11,075] [Thread-5]: connected successfully getting song info

[INFO] [2022-11-15 13:30:11,091] [Thread-5]: thread ended
