[INFO] [2022-11-15 13:28:34,972] [Thread-4]: thread started
[INFO] [2022-11-15 13:28:34,973] [Thread-4]: Trying to connect to https://open.spotify.com/track/2dpaYNEQHiRxtZbfNsse99
[INFO] [2022-11-15 13:28:36,021] [Thread-4]: connected successfully getting song info

[INFO] [2022-11-15 13:28:36,021] [Thread-4]: Trying to connect to https://open.spotify.com/track/0zzVTGyRrWpQu8Fr28NRAv
[INFO] [2022-11-15 13:28:36,972] [Thread-4]: connected successfully getting song info

[INFO] [2022-11-15 13:28:36,976] [Thread-4]: Trying to connect to https://open.spotify.com/track/23L5CiUhw2jV1OIMwthR3S
[INFO] [2022-11-15 13:28:37,773] [Thread-4]: connected successfully getting song info

[INFO] [2022-11-15 13:28:37,773] [Thread-4]: Trying to connect to https://open.spotify.com/track/3ebXMykcMXOcLeJ9xZ17XH
[INFO] [2022-11-15 13:28:38,857] [Thread-4]: connected successfully getting song info

[INFO] [2022-11-15 13:28:38,857] [Thread-4]: Trying to connect to https://open.spotify.com/track/3Ya32EkNaAQL8VDbvsfTup
[INFO] [2022-11-15 13:28:39,545] [Thread-4]: connected successfully getting song info

[INFO] [2022-11-15 13:28:39,549] [Thread-4]: Trying to connect to https://open.spotify.com/track/3OFejsaM3NDkclJg3rjWI2
[INFO] [2022-11-15 13:28:40,239] [Thread-4]: connected successfully getting song info

[INFO] [2022-11-15 13:28:40,245] [Thread-4]: Trying to connect to https://open.spotify.com/track/5xDaIms5HB1DTj5keH6sJc
[INFO] [2022-11-15 13:28:40,887] [Thread-4]: connected successfully getting song info

[INFO] [2022-11-15 13:28:40,890] [Thread-4]: Trying to connect to https://open.spotify.com/track/6E90gq0KO6FYZVOXx8kCcC
[INFO] [2022-11-15 13:28:41,675] [Thread-4]: connected successfully getting song info

[INFO] [2022-11-15 13:28:41,675] [Thread-4]: Trying to connect to https://open.spotify.com/track/0GVuLQtPXFaL18ijEOqoAa
[INFO] [2022-11-15 13:28:42,378] [Thread-4]: connected successfully getting song info

[INFO] [2022-11-15 13:28:42,378] [Thread-4]: Trying to connect to https://open.spotify.com/track/0heE5tAAaDQmnGhVDImPl2
[INFO] [2022-11-15 13:28:43,081] [Thread-4]: connected successfully getting song info

[INFO] [2022-11-15 13:28:43,083] [Thread-4]: Trying to connect to https://open.spotify.com/track/3nH3Gtm9GQVfiaYDr4AXji
[INFO] [2022-11-15 13:28:43,840] [Thread-4]: connected successfully getting song info

[INFO] [2022-11-15 13:28:43,840] [Thread-4]: Trying to connect to https://open.spotify.com/track/5tajmvqHF6YW1iiUFzKpCB
[INFO] [2022-11-15 13:28:44,835] [Thread-4]: connected successfully getting song info

[INFO] [2022-11-15 13:28:44,838] [Thread-4]: Trying to connect to https://open.spotify.com/track/27e7dSRZoeGaq1FzbKHUBP
[INFO] [2022-11-15 13:28:45,605] [Thread-4]: connected successfully getting song info

[INFO] [2022-11-15 13:28:45,614] [Thread-4]: Trying to connect to https://open.spotify.com/track/49odA1EtwSkPefTEeIwqBx
[INFO] [2022-11-15 13:28:46,696] [Thread-4]: connected successfully getting song info

[INFO] [2022-11-15 13:28:46,707] [Thread-4]: Trying to connect to https://open.spotify.com/track/6rB04mNPv6GJno2tabfyka
[INFO] [2022-11-15 13:28:47,702] [Thread-4]: connected successfully getting song info

[INFO] [2022-11-15 13:28:47,705] [Thread-4]: Trying to connect to https://open.spotify.com/track/6gnc89GTUe5Y8hfdNY2z73
[INFO] [2022-11-15 13:28:49,500] [Thread-4]: connected successfully getting song info

[INFO] [2022-11-15 13:28:49,503] [Thread-4]: Trying to connect to https://open.spotify.com/track/4fYmG2jaoHcUTdxlFY8WLe
[INFO] [2022-11-15 13:28:52,647] [Thread-4]: connected successfully getting song info

[INFO] [2022-11-15 13:28:52,647] [Thread-4]: Trying to connect to https://open.spotify.com/track/7AEWXwsrKMljA0ApHWUawW
[INFO] [2022-11-15 13:28:55,120] [Thread-4]: connected successfully getting song info

[INFO] [2022-11-15 13:28:55,122] [Thread-4]: Trying to connect to https://open.spotify.com/track/2T8LXMqTiZyNB4gndgdyfj
[INFO] [2022-11-15 13:28:56,136] [Thread-4]: connected successfully getting song info

[INFO] [2022-11-15 13:28:56,138] [Thread-4]: Trying to connect to https://open.spotify.com/track/1pApHtt9d4zS4FGUnZnkRc
[INFO] [2022-11-15 13:28:56,811] [Thread-4]: connected successfully getting song info

[INFO] [2022-11-15 13:28:56,813] [Thread-4]: Trying to connect to https://open.spotify.com/track/7r4CFRZvhDJKrGX43arGgA
[INFO] [2022-11-15 13:28:57,830] [Thread-4]: connected successfully getting song info

[INFO] [2022-11-15 13:28:57,846] [Thread-4]: Trying to connect to https://open.spotify.com/track/3DCnc5oWp4zk6TQMmL0zGb
[INFO] [2022-11-15 13:28:58,774] [Thread-4]: connected successfully getting song info

[INFO] [2022-11-15 13:28:58,778] [Thread-4]: Trying to connect to https://open.spotify.com/track/6tPbQMm7pOghYtjmpIehck
[INFO] [2022-11-15 13:28:59,681] [Thread-4]: connected successfully getting song info

[INFO] [2022-11-15 13:28:59,687] [Thread-4]: Trying to connect to https://open.spotify.com/track/6J18bFQWZMsiOPUzzQFbpr
[INFO] [2022-11-15 13:29:00,420] [Thread-4]: connected successfully getting song info

[INFO] [2022-11-15 13:29:00,423] [Thread-4]: Trying to connect to https://open.spotify.com/track/6CjUpEjx2k3s7bBXeUEkC5
[INFO] [2022-11-15 13:29:01,159] [Thread-4]: connected successfully getting song info

[INFO] [2022-11-15 13:29:01,163] [Thread-4]: Trying to connect to https://open.spotify.com/track/5hiQSNo6jQbQ2m2gBZs7bU
[INFO] [2022-11-15 13:29:01,859] [Thread-4]: connected successfully getting song info

[INFO] [2022-11-15 13:29:01,862] [Thread-4]: Trying to connect to https://open.spotify.com/track/5HSq2VMchKdVRXR9B1jpgr
[INFO] [2022-11-15 13:29:02,813] [Thread-4]: connected successfully getting song info

[INFO] [2022-11-15 13:29:02,816] [Thread-4]: Trying to connect to https://open.spotify.com/track/3g4p8OgtpxHpEHzEjnRo6J
[INFO] [2022-11-15 13:29:03,749] [Thread-4]: connected successfully getting song info

[INFO] [2022-11-15 13:29:03,749] [Thread-4]: Trying to connect to https://open.spotify.com/track/7zv0i1f8kTy8hPapkm28kz
[INFO] [2022-11-15 13:29:04,524] [Thread-4]: connected successfully getting song info

[INFO] [2022-11-15 13:29:04,528] [Thread-4]: Trying to connect to https://open.spotify.com/track/39hRgQOietUkHXt9lQ3OAI
[INFO] [2022-11-15 13:29:05,472] [Thread-4]: connected successfully getting song info

[INFO] [2022-11-15 13:29:05,479] [Thread-4]: Trying to connect to https://open.spotify.com/track/2kmWfYjBR2dgAbB4ZBF9bT
[INFO] [2022-11-15 13:29:06,838] [Thread-4]: connected successfully getting song info

[INFO] [2022-11-15 13:29:06,842] [Thread-4]: Trying to connect to https://open.spotify.com/track/0oW5yI88PqLgQXGY60E4ea
[INFO] [2022-11-15 13:29:07,840] [Thread-4]: connected successfully getting song info

[INFO] [2022-11-15 13:29:07,844] [Thread-4]: Trying to connect to https://open.spotify.com/track/6KigD0mlF4VGDYiSEzAyYw
[INFO] [2022-11-15 13:29:08,570] [Thread-4]: connected successfully getting song info

[INFO] [2022-11-15 13:29:08,576] [Thread-4]: Trying to connect to https://open.spotify.com/track/1fsw7gDi1ImuIkDQ58jtbl
[INFO] [2022-11-15 13:29:09,469] [Thread-4]: connected successfully getting song info

[INFO] [2022-11-15 13:29:09,473] [Thread-4]: Trying to connect to https://open.spotify.com/track/1e6aAbWR0MXCNcr4yQovNr
[INFO] [2022-11-15 13:29:10,560] [Thread-4]: connected successfully getting song info

[INFO] [2022-11-15 13:29:10,563] [Thread-4]: Trying to connect to https://open.spotify.com/track/4liXEhjIpF4gkQJfHOZcGW
[INFO] [2022-11-15 13:29:12,821] [Thread-4]: connected successfully getting song info

[INFO] [2022-11-15 13:29:12,821] [Thread-4]: Trying to connect to https://open.spotify.com/track/1dFLTZh34XI9YI7eHYhjaY
[INFO] [2022-11-15 13:29:14,221] [Thread-4]: connected successfully getting song info

[INFO] [2022-11-15 13:29:14,239] [Thread-4]: Trying to connect to https://open.spotify.com/track/5Q6xgq6viDz9hrWiW1PoV7
[INFO] [2022-11-15 13:29:15,068] [Thread-4]: connected successfully getting song info

[INFO] [2022-11-15 13:29:15,073] [Thread-4]: Trying to connect to https://open.spotify.com/track/3EYyHbJOa7e8jQttaMnd4u
[INFO] [2022-11-15 13:29:16,060] [Thread-4]: connected successfully getting song info

[INFO] [2022-11-15 13:29:16,063] [Thread-4]: Trying to connect to https://open.spotify.com/track/7wOqBOryVGD3nqDUihDSwL
[INFO] [2022-11-15 13:29:16,966] [Thread-4]: connected successfully getting song info

[INFO] [2022-11-15 13:29:16,974] [Thread-4]: Trying to connect to https://open.spotify.com/track/6xbZaeFj8BPE3HGXF7VVjX
[INFO] [2022-11-15 13:29:17,906] [Thread-4]: connected successfully getting song info

[INFO] [2022-11-15 13:29:17,911] [Thread-4]: Trying to connect to https://open.spotify.com/track/52okn5MNA47tk87PeZJLEL
[INFO] [2022-11-15 13:29:18,580] [Thread-4]: connected successfully getting song info

[INFO] [2022-11-15 13:29:18,584] [Thread-4]: Trying to connect to https://open.spotify.com/track/5DHQKZCOZhGNTbYBCekWx0
[INFO] [2022-11-15 13:29:19,341] [Thread-4]: connected successfully getting song info

[INFO] [2022-11-15 13:29:19,346] [Thread-4]: Trying to connect to https://open.spotify.com/track/0y0A4zXgD0F9fowFSbJ80N
[INFO] [2022-11-15 13:29:20,053] [Thread-4]: connected successfully getting song info

[INFO] [2022-11-15 13:29:20,056] [Thread-4]: Trying to connect to https://open.spotify.com/track/0Lu9pdU9sOqI2jFwxfztCb
[INFO] [2022-11-15 13:29:20,807] [Thread-4]: connected successfully getting song info

[INFO] [2022-11-15 13:29:20,826] [Thread-4]: Trying to connect to https://open.spotify.com/track/63Sw9O7eJCCrppEk2YEO2x
[INFO] [2022-11-15 13:29:21,576] [Thread-4]: connected successfully getting song info

[INFO] [2022-11-15 13:29:21,576] [Thread-4]: Trying to connect to https://open.spotify.com/track/4WkNpQiA9hBxMScYky7aE8
[INFO] [2022-11-15 13:29:22,324] [Thread-4]: connected successfully getting song info

[INFO] [2022-11-15 13:29:22,327] [Thread-4]: Trying to connect to https://open.spotify.com/track/2qCwjPxyVil3B9q89judKW
[INFO] [2022-11-15 13:29:23,009] [Thread-4]: connected successfully getting song info

[INFO] [2022-11-15 13:29:23,009] [Thread-4]: Trying to connect to https://open.spotify.com/track/7dTxqsaFGHOXwtzHINjfHv
[INFO] [2022-11-15 13:29:23,918] [Thread-4]: connected successfully getting song info

[INFO] [2022-11-15 13:29:23,921] [Thread-4]: Trying to connect to https://open.spotify.com/track/6WEoqZfJkNKkRaRsQSxnbH
[INFO] [2022-11-15 13:29:24,543] [Thread-4]: connected successfully getting song info

[INFO] [2022-11-15 13:29:24,548] [Thread-4]: Trying to connect to https://open.spotify.com/track/04HywTwgGtbATUROKD5Ata
[INFO] [2022-11-15 13:29:25,209] [Thread-4]: connected successfully getting song info

[INFO] [2022-11-15 13:29:25,213] [Thread-4]: Trying to connect to https://open.spotify.com/track/22A0mZWoEiNjCyqcb3zvju
[INFO] [2022-11-15 13:29:25,843] [Thread-4]: connected successfully getting song info

[INFO] [2022-11-15 13:29:25,843] [Thread-4]: Trying to connect to https://open.spotify.com/track/01WJWHv12F3nWeXGYsmOOs
[INFO] [2022-11-15 13:29:26,469] [Thread-4]: connected successfully getting song info

[INFO] [2022-11-15 13:29:26,472] [Thread-4]: Trying to connect to https://open.spotify.com/track/0UNeblBCTfF9R9pz0QwSfj
[INFO] [2022-11-15 13:29:27,189] [Thread-4]: connected successfully getting song info

[INFO] [2022-11-15 13:29:27,192] [Thread-4]: Trying to connect to https://open.spotify.com/track/2KezsESYS1LGE2WbbhLPXT
[INFO] [2022-11-15 13:29:27,948] [Thread-4]: connected successfully getting song info

[INFO] [2022-11-15 13:29:27,953] [Thread-4]: Trying to connect to https://open.spotify.com/track/2wdjKsBwJikP1TPNhKuyyo
[INFO] [2022-11-15 13:29:28,736] [Thread-4]: connected successfully getting song info

[INFO] [2022-11-15 13:29:28,741] [Thread-4]: Trying to connect to https://open.spotify.com/track/1rEx6fOttcDltqIWlCCcDT
[INFO] [2022-11-15 13:29:29,423] [Thread-4]: connected successfully getting song info

[INFO] [2022-11-15 13:29:29,426] [Thread-4]: Trying to connect to https://open.spotify.com/track/273dJWDKMOSB3TfSUiIZwv
[INFO] [2022-11-15 13:29:30,290] [Thread-4]: connected successfully getting song info

[INFO] [2022-11-15 13:29:30,292] [Thread-4]: Trying to connect to https://open.spotify.com/track/2TsrQgCx3OCAsZnKrQWVws
[INFO] [2022-11-15 13:29:31,005] [Thread-4]: connected successfully getting song info

[INFO] [2022-11-15 13:29:31,008] [Thread-4]: Trying to connect to https://open.spotify.com/track/0mQc48a4LL76k6XIFkqz13
[INFO] [2022-11-15 13:29:32,104] [Thread-4]: connected successfully getting song info

[INFO] [2022-11-15 13:29:32,108] [Thread-4]: Trying to connect to https://open.spotify.com/track/4VGWprfS1EWFc7ajSuSlAj
[INFO] [2022-11-15 13:29:33,021] [Thread-4]: connected successfully getting song info

[INFO] [2022-11-15 13:29:33,025] [Thread-4]: Trying to connect to https://open.spotify.com/track/350TxCYJVD8J9ie9mLm78d
[INFO] [2022-11-15 13:29:33,993] [Thread-4]: connected successfully getting song info

[INFO] [2022-11-15 13:29:33,999] [Thread-4]: Trying to connect to https://open.spotify.com/track/3Wglo6DifXko4jYVj0gnOb
[INFO] [2022-11-15 13:29:35,091] [Thread-4]: connected successfully getting song info

[INFO] [2022-11-15 13:29:35,095] [Thread-4]: Trying to connect to https://open.spotify.com/track/4bZ4eV4F8yKXtaQlVMsNEb
[INFO] [2022-11-15 13:29:36,394] [Thread-4]: connected successfully getting song info

[INFO] [2022-11-15 13:29:36,399] [Thread-4]: Trying to connect to https://open.spotify.com/track/3PV8xB2BkAzt5vhjvD28TW
[INFO] [2022-11-15 13:29:37,449] [Thread-4]: connected successfully getting song info

[INFO] [2022-11-15 13:29:37,464] [Thread-4]: Trying to connect to https://open.spotify.com/track/6EnEFTSVtq7F34OEnqd9gV
[INFO] [2022-11-15 13:29:38,320] [Thread-4]: connected successfully getting song info

[INFO] [2022-11-15 13:29:38,323] [Thread-4]: Trying to connect to https://open.spotify.com/track/36Wsee8PFQbsoLHJhkd4pX
[INFO] [2022-11-15 13:29:39,014] [Thread-4]: connected successfully getting song info

[INFO] [2022-11-15 13:29:39,018] [Thread-4]: Trying to connect to https://open.spotify.com/track/2lx4cZV9OsPMmlIvyJk67V
[INFO] [2022-11-15 13:29:39,799] [Thread-4]: connected successfully getting song info

[INFO] [2022-11-15 13:29:39,814] [Thread-4]: Trying to connect to https://open.spotify.com/track/7d9Xx9u22ZuILvDKKnDiZg
[INFO] [2022-11-15 13:29:40,705] [Thread-4]: connected successfully getting song info

[INFO] [2022-11-15 13:29:40,708] [Thread-4]: Trying to connect to https://open.spotify.com/track/5MLgtbzHcn4uyLTk0fvBT5
[INFO] [2022-11-15 13:29:41,504] [Thread-4]: connected successfully getting song info

[INFO] [2022-11-15 13:29:41,517] [Thread-4]: Trying to connect to https://open.spotify.com/track/7ebwV0cwsc6pf19UJE1zGH
[INFO] [2022-11-15 13:29:42,365] [Thread-4]: connected successfully getting song info

[INFO] [2022-11-15 13:29:42,381] [Thread-4]: Trying to connect to https://open.spotify.com/track/22RfGYs8Q5aTBuxILy5nuS
[INFO] [2022-11-15 13:29:43,256] [Thread-4]: connected successfully getting song info

[INFO] [2022-11-15 13:29:43,259] [Thread-4]: Trying to connect to https://open.spotify.com/track/6umTalGUDF1hSmH6TAjRkB
[INFO] [2022-11-15 13:29:44,064] [Thread-4]: connected successfully getting song info

[INFO] [2022-11-15 13:29:44,068] [Thread-4]: Trying to connect to https://open.spotify.com/track/78yxgmLZnqj4ekBkoXwK3e
[INFO] [2022-11-15 13:29:44,863] [Thread-4]: connected successfully getting song info

[INFO] [2022-11-15 13:29:44,869] [Thread-4]: Trying to connect to https://open.spotify.com/track/1EY4XzgaGXtMYj84zqwoTG
[INFO] [2022-11-15 13:29:45,535] [Thread-4]: connected successfully getting song info

[INFO] [2022-11-15 13:29:45,538] [Thread-4]: Trying to connect to https://open.spotify.com/track/1LagYzLmqsEZXHd1uGnHCR
[INFO] [2022-11-15 13:29:46,334] [Thread-4]: connected successfully getting song info

[INFO] [2022-11-15 13:29:46,350] [Thread-4]: Trying to connect to https://open.spotify.com/track/5Zg4yqatjCQGBM3spgvqGw
[INFO] [2022-11-15 13:29:47,070] [Thread-4]: connected successfully getting song info

[INFO] [2022-11-15 13:29:47,073] [Thread-4]: Trying to connect to https://open.spotify.com/track/5Os3PtNfOWCJYh2kH64qbo
[INFO] [2022-11-15 13:29:47,744] [Thread-4]: connected successfully getting song info

[INFO] [2022-11-15 13:29:47,747] [Thread-4]: Trying to connect to https://open.spotify.com/track/3Z2OAq57i9mhRUVYe0OWsW
[INFO] [2022-11-15 13:29:48,450] [Thread-4]: connected successfully getting song info

[INFO] [2022-11-15 13:29:48,450] [Thread-4]: Trying to connect to https://open.spotify.com/track/6f78mkrHsqwMVowCFTjMpi
[INFO] [2022-11-15 13:29:49,167] [Thread-4]: connected successfully getting song info

[INFO] [2022-11-15 13:29:49,170] [Thread-4]: Trying to connect to https://open.spotify.com/track/6dsMpTN2kRHbqV9jltSSr2
[INFO] [2022-11-15 13:29:49,971] [Thread-4]: connected successfully getting song info

[INFO] [2022-11-15 13:29:49,974] [Thread-4]: Trying to connect to https://open.spotify.com/track/6oQI9laBVk1Vk5MCyvXn2U
[INFO] [2022-11-15 13:29:50,617] [Thread-4]: connected successfully getting song info

[INFO] [2022-11-15 13:29:50,617] [Thread-4]: Trying to connect to https://open.spotify.com/track/5O2P9iiztwhomNh8xkR9lJ
[INFO] [2022-11-15 13:29:51,567] [Thread-4]: connected successfully getting song info

[INFO] [2022-11-15 13:29:51,571] [Thread-4]: Trying to connect to https://open.spotify.com/track/4nVBt6MZDDP6tRVdQTgxJg
[INFO] [2022-11-15 13:29:52,510] [Thread-4]: connected successfully getting song info

[INFO] [2022-11-15 13:29:52,519] [Thread-4]: Trying to connect to https://open.spotify.com/track/2tpWsVSb9UEmDRxAl1zhX1
[INFO] [2022-11-15 13:29:53,474] [Thread-4]: connected successfully getting song info

[INFO] [2022-11-15 13:29:53,479] [Thread-4]: Trying to connect to https://open.spotify.com/track/0mjAU3yKR1QnXnHtjGJqTM
[INFO] [2022-11-15 13:29:54,384] [Thread-4]: connected successfully getting song info

[INFO] [2022-11-15 13:29:54,384] [Thread-4]: Trying to connect to https://open.spotify.com/track/4wZWidf9fT5LVy8Asa5iQJ
[INFO] [2022-11-15 13:29:55,070] [Thread-4]: connected successfully getting song info

[INFO] [2022-11-15 13:29:55,074] [Thread-4]: Trying to connect to https://open.spotify.com/track/1rqqCSm0Qe4I9rUvWncaom
[INFO] [2022-11-15 13:29:55,912] [Thread-4]: connected successfully getting song info

[INFO] [2022-11-15 13:29:55,916] [Thread-4]: Trying to connect to https://open.spotify.com/track/21jGcNKet2qwijlDFuPiPb
[INFO] [2022-11-15 13:29:56,960] [Thread-4]: connected successfully getting song info

[INFO] [2022-11-15 13:29:56,964] [Thread-4]: Trying to connect to https://open.spotify.com/track/0e7ipj03S05BNilyu5bRzt
[INFO] [2022-11-15 13:29:57,836] [Thread-4]: connected successfully getting song info

[INFO] [2022-11-15 13:29:57,845] [Thread-4]: Trying to connect to https://open.spotify.com/track/3KkXRkHbMCARz0aVfEt68P
[INFO] [2022-11-15 13:29:58,805] [Thread-4]: connected successfully getting song info

[INFO] [2022-11-15 13:29:58,810] [Thread-4]: Trying to connect to https://open.spotify.com/track/7eJMfftS33KTjuF7lTsMCx
[INFO] [2022-11-15 13:29:59,539] [Thread-4]: connected successfully getting song info

[INFO] [2022-11-15 13:29:59,539] [Thread-4]: Trying to connect to https://open.spotify.com/track/58zsLZPvfflaiIbNWoA22O
[INFO] [2022-11-15 13:30:00,387] [Thread-4]: connected successfully getting song info

[INFO] [2022-11-15 13:30:00,387] [Thread-4]: Trying to connect to https://open.spotify.com/track/5Hto3NaFsv1or3zn3GdfY3
[INFO] [2022-11-15 13:30:01,006] [Thread-4]: connected successfully getting song info

[INFO] [2022-11-15 13:30:01,006] [Thread-4]: Trying to connect to https://open.spotify.com/track/6KgKlhdmsW71HofI78eDia
[INFO] [2022-11-15 13:30:01,778] [Thread-4]: connected successfully getting song info

[INFO] [2022-11-15 13:30:01,781] [Thread-4]: Trying to connect to https://open.spotify.com/track/2Y0K3JBY7toZYiq4cUP9Eu
[INFO] [2022-11-15 13:30:02,844] [Thread-4]: connected successfully getting song info

[INFO] [2022-11-15 13:30:02,847] [Thread-4]: Trying to connect to https://open.spotify.com/track/08peGCGwTVXc1WT2UNdVs5
[INFO] [2022-11-15 13:30:03,656] [Thread-4]: connected successfully getting song info

[INFO] [2022-11-15 13:30:03,656] [Thread-4]: Trying to connect to https://open.spotify.com/track/5MLreTrtwv7fGyyAy0RyeB
[INFO] [2022-11-15 13:30:04,533] [Thread-4]: connected successfully getting song info

[INFO] [2022-11-15 13:30:04,533] [Thread-4]: Trying to connect to https://open.spotify.com/track/20ZP3Om9DvDazXrNUC7WM2
[INFO] [2022-11-15 13:30:05,592] [Thread-4]: connected successfully getting song info

[INFO] [2022-11-15 13:30:05,607] [Thread-4]: Trying to connect to https://open.spotify.com/track/5CLGzJsGqhCEECcpnFQA8x
[INFO] [2022-11-15 13:30:06,409] [Thread-4]: connected successfully getting song info

[INFO] [2022-11-15 13:30:06,425] [Thread-4]: Trying to connect to https://open.spotify.com/track/21dpBHPTV7ythCHBI6Slcw
[INFO] [2022-11-15 13:30:07,297] [Thread-4]: connected successfully getting song info

[INFO] [2022-11-15 13:30:07,300] [Thread-4]: thread ended
