[INFO] [2022-11-15 13:28:34,972] [Thread-2]: thread started
[INFO] [2022-11-15 13:28:34,972] [Thread-2]: Trying to connect to https://open.spotify.com/track/6VuztO5yaKP4VjqSkZxpan
[INFO] [2022-11-15 13:28:35,666] [Thread-2]: connected successfully getting song info

[INFO] [2022-11-15 13:28:35,671] [Thread-2]: Trying to connect to https://open.spotify.com/track/3zpuelnjip23dk1hxTqklg
[INFO] [2022-11-15 13:28:36,331] [Thread-2]: connected successfully getting song info

[INFO] [2022-11-15 13:28:36,334] [Thread-2]: Trying to connect to https://open.spotify.com/track/4lhqb6JvbHId48OUJGwymk
[INFO] [2022-11-15 13:28:37,190] [Thread-2]: connected successfully getting song info

[INFO] [2022-11-15 13:28:37,207] [Thread-2]: Trying to connect to https://open.spotify.com/track/0ct6r3EGTcMLPtrXHDvVjc
[INFO] [2022-11-15 13:28:38,105] [Thread-2]: connected successfully getting song info

[INFO] [2022-11-15 13:28:38,109] [Thread-2]: Trying to connect to https://open.spotify.com/track/0nrRP2bk19rLc0orkWPQk2
[INFO] [2022-11-15 13:28:39,125] [Thread-2]: connected successfully getting song info

[INFO] [2022-11-15 13:28:39,125] [Thread-2]: Trying to connect to https://open.spotify.com/track/7I2GzEUE2hADoq9uuAvYh7
[INFO] [2022-11-15 13:28:39,837] [Thread-2]: connected successfully getting song info

[INFO] [2022-11-15 13:28:39,841] [Thread-2]: Trying to connect to https://open.spotify.com/track/02hyp5EqS8Wu6F3gbAGYLM
[INFO] [2022-11-15 13:28:40,497] [Thread-2]: connected successfully getting song info

[INFO] [2022-11-15 13:28:40,501] [Thread-2]: Trying to connect to https://open.spotify.com/track/3LXPZvEHf0vhgFKs4giHSS
[INFO] [2022-11-15 13:28:41,259] [Thread-2]: connected successfully getting song info

[INFO] [2022-11-15 13:28:41,263] [Thread-2]: Trying to connect to https://open.spotify.com/track/6lUgUYvwmJSzXBR1drpxKh
[INFO] [2022-11-15 13:28:41,960] [Thread-2]: connected successfully getting song info

[INFO] [2022-11-15 13:28:41,960] [Thread-2]: Trying to connect to https://open.spotify.com/track/2rHdLK2ul2kZsf25gBdPVF
[INFO] [2022-11-15 13:28:42,743] [Thread-2]: connected successfully getting song info

[INFO] [2022-11-15 13:28:42,743] [Thread-2]: Trying to connect to https://open.spotify.com/track/0d2iYfpKoM0QCKvcLCkBao
[INFO] [2022-11-15 13:28:43,481] [Thread-2]: connected successfully getting song info

[INFO] [2022-11-15 13:28:43,485] [Thread-2]: Trying to connect to https://open.spotify.com/track/0u2P5u6lvoDfwTYjAADbn4
[INFO] [2022-11-15 13:28:44,358] [Thread-2]: connected successfully getting song info

[INFO] [2022-11-15 13:28:44,360] [Thread-2]: Trying to connect to https://open.spotify.com/track/6Jrdb6CFOJEGaHjaa6c4WR
[INFO] [2022-11-15 13:28:45,454] [Thread-2]: connected successfully getting song info

[INFO] [2022-11-15 13:28:45,460] [Thread-2]: Trying to connect to https://open.spotify.com/track/3M214U0mwSm041GsQR3nrO
[INFO] [2022-11-15 13:28:46,234] [Thread-2]: connected successfully getting song info

[INFO] [2022-11-15 13:28:46,248] [Thread-2]: Trying to connect to https://open.spotify.com/track/5GxUKIEkMXXZo1Tif0IzfC
[INFO] [2022-11-15 13:28:47,327] [Thread-2]: connected successfully getting song info

[INFO] [2022-11-15 13:28:47,343] [Thread-2]: Trying to connect to https://open.spotify.com/track/1wVuPmvt6AWvTL5W2GJnzZ
[INFO] [2022-11-15 13:28:48,443] [Thread-2]: connected successfully getting song info

[INFO] [2022-11-15 13:28:48,444] [Thread-2]: Trying to connect to https://open.spotify.com/track/5A8jUZatix87xG0Zj6HSKG
[INFO] [2022-11-15 13:28:50,441] [Thread-2]: connected successfully getting song info

[INFO] [2022-11-15 13:28:50,447] [Thread-2]: Trying to connect to https://open.spotify.com/track/2e8nVei4B3HyfE3sDEvfLN
[INFO] [2022-11-15 13:28:53,047] [Thread-2]: connected successfully getting song info

[INFO] [2022-11-15 13:28:53,050] [Thread-2]: Trying to connect to https://open.spotify.com/track/37OjMlwuUVWWmVKrV8CiUQ
[INFO] [2022-11-15 13:28:55,297] [Thread-2]: connected successfully getting song info

[INFO] [2022-11-15 13:28:55,297] [Thread-2]: Trying to connect to https://open.spotify.com/track/7oUjf3UvLJbRelKiDip47v
[INFO] [2022-11-15 13:28:56,379] [Thread-2]: connected successfully getting song info

[INFO] [2022-11-15 13:28:56,379] [Thread-2]: Trying to connect to https://open.spotify.com/track/4U7G8dgUodMEVSv96QRcDb
[INFO] [2022-11-15 13:28:57,280] [Thread-2]: connected successfully getting song info

[INFO] [2022-11-15 13:28:57,280] [Thread-2]: Trying to connect to https://open.spotify.com/track/2ah4g5WNOtihfkdWw6gK66
[INFO] [2022-11-15 13:28:58,095] [Thread-2]: connected successfully getting song info

[INFO] [2022-11-15 13:28:58,095] [Thread-2]: Trying to connect to https://open.spotify.com/track/5gxfbKbBmfYw134t35ji5v
[INFO] [2022-11-15 13:28:59,055] [Thread-2]: connected successfully getting song info

[INFO] [2022-11-15 13:28:59,058] [Thread-2]: Trying to connect to https://open.spotify.com/track/0X2wiLycKLNiHCRWyJID8s
[INFO] [2022-11-15 13:28:59,815] [Thread-2]: connected successfully getting song info

[INFO] [2022-11-15 13:28:59,818] [Thread-2]: Trying to connect to https://open.spotify.com/track/6ydqy4Iq7bD8BDvoMAxXfH
[INFO] [2022-11-15 13:29:00,564] [Thread-2]: connected successfully getting song info

[INFO] [2022-11-15 13:29:00,567] [Thread-2]: Trying to connect to https://open.spotify.com/track/6CU68VwcV10VfulVQMfj3X
[INFO] [2022-11-15 13:29:01,349] [Thread-2]: connected successfully getting song info

[INFO] [2022-11-15 13:29:01,349] [Thread-2]: Trying to connect to https://open.spotify.com/track/4vIbws1xp082bv0zl8vLaJ
[INFO] [2022-11-15 13:29:02,254] [Thread-2]: connected successfully getting song info

[INFO] [2022-11-15 13:29:02,258] [Thread-2]: Trying to connect to https://open.spotify.com/track/11F74astjxgvWTrGQOrQ9Z
[INFO] [2022-11-15 13:29:03,184] [Thread-2]: connected successfully getting song info

[INFO] [2022-11-15 13:29:03,187] [Thread-2]: Trying to connect to https://open.spotify.com/track/1ktxQU3rouzawcndmSzIKC
[INFO] [2022-11-15 13:29:04,012] [Thread-2]: connected successfully getting song info

[INFO] [2022-11-15 13:29:04,017] [Thread-2]: Trying to connect to https://open.spotify.com/track/2YB7LHws4R1tNNA6OPU9Rz
[INFO] [2022-11-15 13:29:04,936] [Thread-2]: connected successfully getting song info

[INFO] [2022-11-15 13:29:04,939] [Thread-2]: Trying to connect to https://open.spotify.com/track/31enDPsrJ3PJkSIreSGoWj
[INFO] [2022-11-15 13:29:05,772] [Thread-2]: connected successfully getting song info

[INFO] [2022-11-15 13:29:05,775] [Thread-2]: Trying to connect to https://open.spotify.com/track/4dvJdxJYJRnt3U5oNwg2qu
[INFO] [2022-11-15 13:29:06,467] [Thread-2]: connected successfully getting song info

[INFO] [2022-11-15 13:29:06,472] [Thread-2]: Trying to connect to https://open.spotify.com/track/5dzxEPBaO9AqmmnDGoR5Pc
[INFO] [2022-11-15 13:29:07,208] [Thread-2]: connected successfully getting song info

[INFO] [2022-11-15 13:29:07,211] [Thread-2]: Trying to connect to https://open.spotify.com/track/4mljOXmmhSGHVVCfMjMYb8
[INFO] [2022-11-15 13:29:08,099] [Thread-2]: connected successfully getting song info

[INFO] [2022-11-15 13:29:08,104] [Thread-2]: Trying to connect to https://open.spotify.com/track/1Ea1hAYux2fgcsf49vcS2e
[INFO] [2022-11-15 13:29:09,684] [Thread-2]: connected successfully getting song info

[INFO] [2022-11-15 13:29:09,691] [Thread-2]: Trying to connect to https://open.spotify.com/track/17t3v593J0qLxhv78fDZ7y
[INFO] [2022-11-15 13:29:11,598] [Thread-2]: connected successfully getting song info

[INFO] [2022-11-15 13:29:11,603] [Thread-2]: Trying to connect to https://open.spotify.com/track/0LqgIcPQRCyApxk78B2Tug
[INFO] [2022-11-15 13:29:14,122] [Thread-2]: connected successfully getting song info

[INFO] [2022-11-15 13:29:14,126] [Thread-2]: Trying to connect to https://open.spotify.com/track/7hiygHYXWY62h4ANCY7KZE
[INFO] [2022-11-15 13:29:15,091] [Thread-2]: connected successfully getting song info

[INFO] [2022-11-15 13:29:15,095] [Thread-2]: Trying to connect to https://open.spotify.com/track/6nsqMpLHC45osFAWl7S7sZ
[INFO] [2022-11-15 13:29:15,884] [Thread-2]: connected successfully getting song info

[INFO] [2022-11-15 13:29:15,888] [Thread-2]: Trying to connect to https://open.spotify.com/track/1GKqff6G0zabRInKN9Vz1S
[INFO] [2022-11-15 13:29:16,596] [Thread-2]: connected successfully getting song info

[INFO] [2022-11-15 13:29:16,599] [Thread-2]: Trying to connect to https://open.spotify.com/track/0E5Nq0V0ASBeysYDtj7Nvt
[INFO] [2022-11-15 13:29:17,463] [Thread-2]: connected successfully getting song info

[INFO] [2022-11-15 13:29:17,465] [Thread-2]: Trying to connect to https://open.spotify.com/track/6EVt050wg9TQv9HpSn0Ke3
[INFO] [2022-11-15 13:29:18,314] [Thread-2]: connected successfully getting song info

[INFO] [2022-11-15 13:29:18,317] [Thread-2]: Trying to connect to https://open.spotify.com/track/7A1FbrqN2Hn76gAb8iPYSL
[INFO] [2022-11-15 13:29:19,093] [Thread-2]: connected successfully getting song info

[INFO] [2022-11-15 13:29:19,097] [Thread-2]: Trying to connect to https://open.spotify.com/track/2Wz58J31BVC7aXGB7rrrVI
[INFO] [2022-11-15 13:29:19,795] [Thread-2]: connected successfully getting song info

[INFO] [2022-11-15 13:29:19,797] [Thread-2]: Trying to connect to https://open.spotify.com/track/594ZypO5bsC6dp9QahbOJl
[INFO] [2022-11-15 13:29:20,530] [Thread-2]: connected successfully getting song info

[INFO] [2022-11-15 13:29:20,534] [Thread-2]: Trying to connect to https://open.spotify.com/track/0VZjEyJqtgxZrLvnWax9QT
[INFO] [2022-11-15 13:29:21,324] [Thread-2]: connected successfully getting song info

[INFO] [2022-11-15 13:29:21,324] [Thread-2]: Trying to connect to https://open.spotify.com/track/2B1eDNADZDdFEa7Rus8f5e
[INFO] [2022-11-15 13:29:22,154] [Thread-2]: connected successfully getting song info

[INFO] [2022-11-15 13:29:22,158] [Thread-2]: Trying to connect to https://open.spotify.com/track/2cLil0sq9cIMcAyBFLJwGY
[INFO] [2022-11-15 13:29:23,000] [Thread-2]: connected successfully getting song info

[INFO] [2022-11-15 13:29:23,004] [Thread-2]: Trying to connect to https://open.spotify.com/track/1fSOlzoVoCNIbWiv3M3vmo
[INFO] [2022-11-15 13:29:23,896] [Thread-2]: connected successfully getting song info

[INFO] [2022-11-15 13:29:23,900] [Thread-2]: Trying to connect to https://open.spotify.com/track/7dTgSeAVu9EWJusdCsRyTo
[INFO] [2022-11-15 13:29:24,568] [Thread-2]: connected successfully getting song info

[INFO] [2022-11-15 13:29:24,572] [Thread-2]: Trying to connect to https://open.spotify.com/track/4dEi0dtR9j8n9lyjPGhoKa
[INFO] [2022-11-15 13:29:25,165] [Thread-2]: connected successfully getting song info

[INFO] [2022-11-15 13:29:25,169] [Thread-2]: Trying to connect to https://open.spotify.com/track/13E54FVYV7fzEfZhtrKn0K
[INFO] [2022-11-15 13:29:25,974] [Thread-2]: connected successfully getting song info

[INFO] [2022-11-15 13:29:25,978] [Thread-2]: Trying to connect to https://open.spotify.com/track/7MJGLlPFKG1g2p4Sa5gZog
[INFO] [2022-11-15 13:29:26,665] [Thread-2]: connected successfully getting song info

[INFO] [2022-11-15 13:29:26,675] [Thread-2]: Trying to connect to https://open.spotify.com/track/7j9RGGnYj9gFarwZvxK9v7
[INFO] [2022-11-15 13:29:27,333] [Thread-2]: connected successfully getting song info

[INFO] [2022-11-15 13:29:27,339] [Thread-2]: Trying to connect to https://open.spotify.com/track/2P8zqE0sb5uLZc9BmCbxww
[INFO] [2022-11-15 13:29:28,073] [Thread-2]: connected successfully getting song info

[INFO] [2022-11-15 13:29:28,077] [Thread-2]: Trying to connect to https://open.spotify.com/track/5W8opI1pvt2rcXPbzcJHNZ
[INFO] [2022-11-15 13:29:28,795] [Thread-2]: connected successfully getting song info

[INFO] [2022-11-15 13:29:28,797] [Thread-2]: Trying to connect to https://open.spotify.com/track/14pRHk5tXMkpq5zT3guC35
[INFO] [2022-11-15 13:29:29,575] [Thread-2]: connected successfully getting song info

[INFO] [2022-11-15 13:29:29,579] [Thread-2]: Trying to connect to https://open.spotify.com/track/6dyeSffYXLs6nutj30q5MD
[INFO] [2022-11-15 13:29:30,347] [Thread-2]: connected successfully getting song info

[INFO] [2022-11-15 13:29:30,353] [Thread-2]: Trying to connect to https://open.spotify.com/track/0EyNjjnyO6ydoisp5xiS22
[INFO] [2022-11-15 13:29:31,318] [Thread-2]: connected successfully getting song info

[INFO] [2022-11-15 13:29:31,324] [Thread-2]: Trying to connect to https://open.spotify.com/track/5tmoGGSPtEm3cMIZDDStNF
[INFO] [2022-11-15 13:29:32,357] [Thread-2]: connected successfully getting song info

[INFO] [2022-11-15 13:29:32,359] [Thread-2]: Trying to connect to https://open.spotify.com/track/30xBMO7FVcjdCdelEZsAoH
[INFO] [2022-11-15 13:29:33,376] [Thread-2]: connected successfully getting song info

[INFO] [2022-11-15 13:29:33,380] [Thread-2]: Trying to connect to https://open.spotify.com/track/4B2kkxg3wKSTZw5JPaUtzQ
[INFO] [2022-11-15 13:29:34,520] [Thread-2]: connected successfully getting song info

[INFO] [2022-11-15 13:29:34,526] [Thread-2]: Trying to connect to https://open.spotify.com/track/1dNIEtp7AY3oDAKCGg2XkH
[INFO] [2022-11-15 13:29:36,302] [Thread-2]: connected successfully getting song info

[INFO] [2022-11-15 13:29:36,305] [Thread-2]: Trying to connect to https://open.spotify.com/track/4NBTZtAt1F13VvlSKe6KTl
[INFO] [2022-11-15 13:29:37,550] [Thread-2]: connected successfully getting song info

[INFO] [2022-11-15 13:29:37,553] [Thread-2]: Trying to connect to https://open.spotify.com/track/5cF0dROlMOK5uNZtivgu50
[INFO] [2022-11-15 13:29:38,624] [Thread-2]: connected successfully getting song info

[INFO] [2022-11-15 13:29:38,628] [Thread-2]: Trying to connect to https://open.spotify.com/track/3AVXwaOGCEL8cmBecfcsFJ
[INFO] [2022-11-15 13:29:39,490] [Thread-2]: connected successfully getting song info

[INFO] [2022-11-15 13:29:39,493] [Thread-2]: Trying to connect to https://open.spotify.com/track/37R0bQOQj5a7DOqh1TGzvB
[INFO] [2022-11-15 13:29:40,387] [Thread-2]: connected successfully getting song info

[INFO] [2022-11-15 13:29:40,390] [Thread-2]: Trying to connect to https://open.spotify.com/track/06KyNuuMOX1ROXRhj787tj
[INFO] [2022-11-15 13:29:41,250] [Thread-2]: connected successfully getting song info

[INFO] [2022-11-15 13:29:41,255] [Thread-2]: Trying to connect to https://open.spotify.com/track/0Ult84lvFuqNvbyXwyRQ58
[INFO] [2022-11-15 13:29:42,487] [Thread-2]: connected successfully getting song info

[INFO] [2022-11-15 13:29:42,498] [Thread-2]: Trying to connect to https://open.spotify.com/track/6kPJZM97LwdG9QIsT7khp6
[INFO] [2022-11-15 13:29:43,580] [Thread-2]: connected successfully getting song info

[INFO] [2022-11-15 13:29:43,580] [Thread-2]: Trying to connect to https://open.spotify.com/track/1x5sYLZiu9r5E43kMlt9f8
[INFO] [2022-11-15 13:29:44,818] [Thread-2]: connected successfully getting song info

[INFO] [2022-11-15 13:29:44,834] [Thread-2]: Trying to connect to https://open.spotify.com/track/3RiPr603aXAoi4GHyXx0uy
[INFO] [2022-11-15 13:29:45,667] [Thread-2]: connected successfully getting song info

[INFO] [2022-11-15 13:29:45,667] [Thread-2]: Trying to connect to https://open.spotify.com/track/4ks6j7JsfJorc1tb4THJo8
[INFO] [2022-11-15 13:29:46,482] [Thread-2]: connected successfully getting song info

[INFO] [2022-11-15 13:29:46,482] [Thread-2]: Trying to connect to https://open.spotify.com/track/1DIXPcTDzTj8ZMHt3PDt8p
[INFO] [2022-11-15 13:29:47,167] [Thread-2]: connected successfully getting song info

[INFO] [2022-11-15 13:29:47,167] [Thread-2]: Trying to connect to https://open.spotify.com/track/3EPXxR3ImUwfayaurPi3cm
[INFO] [2022-11-15 13:29:48,122] [Thread-2]: connected successfully getting song info

[INFO] [2022-11-15 13:29:48,125] [Thread-2]: Trying to connect to https://open.spotify.com/track/6UjZ2Yx2g2a52XxiA8ONxZ
[INFO] [2022-11-15 13:29:49,003] [Thread-2]: connected successfully getting song info

[INFO] [2022-11-15 13:29:49,003] [Thread-2]: Trying to connect to https://open.spotify.com/track/2goIIAg5kdzfwclJMFZM33
[INFO] [2022-11-15 13:29:49,768] [Thread-2]: connected successfully getting song info

[INFO] [2022-11-15 13:29:49,784] [Thread-2]: Trying to connect to https://open.spotify.com/track/4mnjwMLCk3JZkhkok3u5g1
[INFO] [2022-11-15 13:29:50,540] [Thread-2]: connected successfully getting song info

[INFO] [2022-11-15 13:29:50,543] [Thread-2]: Trying to connect to https://open.spotify.com/track/5nujrmhLynf4yMoMtj8AQF
[INFO] [2022-11-15 13:29:51,747] [Thread-2]: connected successfully getting song info

[INFO] [2022-11-15 13:29:51,751] [Thread-2]: Trying to connect to https://open.spotify.com/track/1J14CdDAvBTE1AJYUOwl6C
[INFO] [2022-11-15 13:29:52,603] [Thread-2]: connected successfully getting song info

[INFO] [2022-11-15 13:29:52,607] [Thread-2]: Trying to connect to https://open.spotify.com/track/3Yyj76BeYt3QIffwKpRuKL
[INFO] [2022-11-15 13:29:53,377] [Thread-2]: connected successfully getting song info

[INFO] [2022-11-15 13:29:53,380] [Thread-2]: Trying to connect to https://open.spotify.com/track/3rmo8F54jFF8OgYsqTxm5d
[INFO] [2022-11-15 13:29:54,335] [Thread-2]: connected successfully getting song info

[INFO] [2022-11-15 13:29:54,337] [Thread-2]: Trying to connect to https://open.spotify.com/track/4evmHXcjt3bTUHD1cvny97
[INFO] [2022-11-15 13:29:55,372] [Thread-2]: connected successfully getting song info

[INFO] [2022-11-15 13:29:55,376] [Thread-2]: Trying to connect to https://open.spotify.com/track/7kUljt0NM5sISL3OGNVxYd
[INFO] [2022-11-15 13:29:56,116] [Thread-2]: connected successfully getting song info

[INFO] [2022-11-15 13:29:56,120] [Thread-2]: Trying to connect to https://open.spotify.com/track/7F9JEUSWBBzrByXA3FszFX
[INFO] [2022-11-15 13:29:56,686] [Thread-2]: connected successfully getting song info

[INFO] [2022-11-15 13:29:56,686] [Thread-2]: Trying to connect to https://open.spotify.com/track/1z1mMZtZW0gvR9FSPc7JpJ
[INFO] [2022-11-15 13:29:57,404] [Thread-2]: connected successfully getting song info

[INFO] [2022-11-15 13:29:57,405] [Thread-2]: Trying to connect to https://open.spotify.com/track/6VIY3w4x7gUmvKkVVkqG74
[INFO] [2022-11-15 13:29:58,236] [Thread-2]: connected successfully getting song info

[INFO] [2022-11-15 13:29:58,236] [Thread-2]: Trying to connect to https://open.spotify.com/track/72dRPPKPospar6byv7KXP7
[INFO] [2022-11-15 13:29:59,108] [Thread-2]: connected successfully getting song info

[INFO] [2022-11-15 13:29:59,111] [Thread-2]: Trying to connect to https://open.spotify.com/track/0IwF6PTzngt0mojrXxojVB
[INFO] [2022-11-15 13:30:00,036] [Thread-2]: connected successfully getting song info

[INFO] [2022-11-15 13:30:00,039] [Thread-2]: Trying to connect to https://open.spotify.com/track/5TQL1eQEx1qnKhAOkx8Mim
[INFO] [2022-11-15 13:30:00,887] [Thread-2]: connected successfully getting song info

[INFO] [2022-11-15 13:30:00,889] [Thread-2]: Trying to connect to https://open.spotify.com/track/60wolSLflhGyTt0y15InDm
[INFO] [2022-11-15 13:30:01,588] [Thread-2]: connected successfully getting song info

[INFO] [2022-11-15 13:30:01,588] [Thread-2]: Trying to connect to https://open.spotify.com/track/4RGkD96ZOTM90mYrxiLBcB
[INFO] [2022-11-15 13:30:02,357] [Thread-2]: connected successfully getting song info

[INFO] [2022-11-15 13:30:02,360] [Thread-2]: Trying to connect to https://open.spotify.com/track/3wl7l9dQ6Aj8E9C43gQpws
[INFO] [2022-11-15 13:30:03,078] [Thread-2]: connected successfully getting song info

[INFO] [2022-11-15 13:30:03,081] [Thread-2]: Trying to connect to https://open.spotify.com/track/2XVF3ZsXCV23iAvtq8IsFh
[INFO] [2022-11-15 13:30:03,773] [Thread-2]: connected successfully getting song info

[INFO] [2022-11-15 13:30:03,773] [Thread-2]: Trying to connect to https://open.spotify.com/track/73sv043W2fAbnEEKXUAZMd
[INFO] [2022-11-15 13:30:04,540] [Thread-2]: connected successfully getting song info

[INFO] [2022-11-15 13:30:04,540] [Thread-2]: Trying to connect to https://open.spotify.com/track/6El01s3iWa4ESY5I7ybnmj
[INFO] [2022-11-15 13:30:05,490] [Thread-2]: connected successfully getting song info

[INFO] [2022-11-15 13:30:05,490] [Thread-2]: Trying to connect to https://open.spotify.com/track/7maoePNSf1pPkeJ4AtkTo6
[INFO] [2022-11-15 13:30:06,300] [Thread-2]: connected successfully getting song info

[INFO] [2022-11-15 13:30:06,303] [Thread-2]: Trying to connect to https://open.spotify.com/track/79TzqzCK34xg5R3p1uTcAu
[INFO] [2022-11-15 13:30:07,062] [Thread-2]: connected successfully getting song info

[INFO] [2022-11-15 13:30:07,065] [Thread-2]: Trying to connect to https://open.spotify.com/track/1UjE1piKi4nEaYcE1aVQgB
[INFO] [2022-11-15 13:30:07,689] [Thread-2]: connected successfully getting song info

[INFO] [2022-11-15 13:30:07,692] [Thread-2]: Trying to connect to https://open.spotify.com/track/73stqnlvEcSQaZaXSOCbeA
[INFO] [2022-11-15 13:30:08,410] [Thread-2]: connected successfully getting song info

[INFO] [2022-11-15 13:30:08,410] [Thread-2]: Trying to connect to https://open.spotify.com/track/48Tb5rkF6XzPuHFtVem5lS
[INFO] [2022-11-15 13:30:09,080] [Thread-2]: connected successfully getting song info

[INFO] [2022-11-15 13:30:09,083] [Thread-2]: thread ended
