[INFO] [2022-11-15 13:28:34,961] [Thread-1]: thread started
[INFO] [2022-11-15 13:28:34,971] [Thread-1]: Trying to connect to https://open.spotify.com/track/4jPy3l0RUwlUI9T5XHBW2m
[INFO] [2022-11-15 13:28:35,723] [Thread-1]: connected successfully getting song info

[INFO] [2022-11-15 13:28:35,723] [Thread-1]: Trying to connect to https://open.spotify.com/track/2iUXsYOEPhVqEBwsqP70rE
[INFO] [2022-11-15 13:28:36,593] [Thread-1]: connected successfully getting song info

[INFO] [2022-11-15 13:28:36,598] [Thread-1]: Trying to connect to https://open.spotify.com/track/5Is9gbdTLHpZfaieLYGvrr
[INFO] [2022-11-15 13:28:37,223] [Thread-1]: connected successfully getting song info

[INFO] [2022-11-15 13:28:37,223] [Thread-1]: Trying to connect to https://open.spotify.com/track/2pO1mQeV6Sd9Y20HYVJYYr
[INFO] [2022-11-15 13:28:37,909] [Thread-1]: connected successfully getting song info

[INFO] [2022-11-15 13:28:37,913] [Thread-1]: Trying to connect to https://open.spotify.com/track/5HS17JQ7GlTOZrensjIbNO
[INFO] [2022-11-15 13:28:38,634] [Thread-1]: connected successfully getting song info

[INFO] [2022-11-15 13:28:38,637] [Thread-1]: Trying to connect to https://open.spotify.com/track/3eLZuciZKL9ojxgUWfaGU6
[INFO] [2022-11-15 13:28:39,441] [Thread-1]: connected successfully getting song info

[INFO] [2022-11-15 13:28:39,441] [Thread-1]: Trying to connect to https://open.spotify.com/track/5Aun0pJOQFBQozav1hPpM1
[INFO] [2022-11-15 13:28:40,183] [Thread-1]: connected successfully getting song info

[INFO] [2022-11-15 13:28:40,187] [Thread-1]: Trying to connect to https://open.spotify.com/track/4P3oXwoTw1tsza7Rsx1Vp9
[INFO] [2022-11-15 13:28:40,788] [Thread-1]: connected successfully getting song info

[INFO] [2022-11-15 13:28:40,792] [Thread-1]: Trying to connect to https://open.spotify.com/track/4639bUl0D2CTpXDBKUdSRQ
[INFO] [2022-11-15 13:28:41,488] [Thread-1]: connected successfully getting song info

[INFO] [2022-11-15 13:28:41,493] [Thread-1]: Trying to connect to https://open.spotify.com/track/63uctqlwCI5AxXYmpTVO2Z
[INFO] [2022-11-15 13:28:42,164] [Thread-1]: connected successfully getting song info

[INFO] [2022-11-15 13:28:42,167] [Thread-1]: Trying to connect to https://open.spotify.com/track/1GMfL5Bu97xGltZ2lKc5u9
[INFO] [2022-11-15 13:28:42,865] [Thread-1]: connected successfully getting song info

[INFO] [2022-11-15 13:28:42,869] [Thread-1]: Trying to connect to https://open.spotify.com/track/5kQCI3faUHASM28R91ksUY
[INFO] [2022-11-15 13:28:43,558] [Thread-1]: connected successfully getting song info

[INFO] [2022-11-15 13:28:43,558] [Thread-1]: Trying to connect to https://open.spotify.com/track/2HbrI0oakRE7qNXoK74zNR
[INFO] [2022-11-15 13:28:44,431] [Thread-1]: connected successfully getting song info

[INFO] [2022-11-15 13:28:44,434] [Thread-1]: Trying to connect to https://open.spotify.com/track/3iWRuqeYt3ezyPOSdVo9Hz
[INFO] [2022-11-15 13:28:45,486] [Thread-1]: connected successfully getting song info

[INFO] [2022-11-15 13:28:45,492] [Thread-1]: Trying to connect to https://open.spotify.com/track/47UBzSwdcfEwvDnNOvVDvZ
[INFO] [2022-11-15 13:28:46,724] [Thread-1]: connected successfully getting song info

[INFO] [2022-11-15 13:28:46,727] [Thread-1]: Trying to connect to https://open.spotify.com/track/7o6OBdhiwn3RX9BOa5JjMc
[INFO] [2022-11-15 13:28:47,845] [Thread-1]: connected successfully getting song info

[INFO] [2022-11-15 13:28:47,849] [Thread-1]: Trying to connect to https://open.spotify.com/track/0WmH9fXWCQ51RQi1kWPJrI
[INFO] [2022-11-15 13:28:49,460] [Thread-1]: connected successfully getting song info

[INFO] [2022-11-15 13:28:49,477] [Thread-1]: Trying to connect to https://open.spotify.com/track/0hxRyDVC61KlZGS6m2Min4
[INFO] [2022-11-15 13:28:52,812] [Thread-1]: connected successfully getting song info

[INFO] [2022-11-15 13:28:52,812] [Thread-1]: Trying to connect to https://open.spotify.com/track/2I2AqFb0f9UNnolWc2MafC
[INFO] [2022-11-15 13:28:55,358] [Thread-1]: connected successfully getting song info

[INFO] [2022-11-15 13:28:55,363] [Thread-1]: Trying to connect to https://open.spotify.com/track/3QM2hhOJCvw7BquWa0n14Q
[INFO] [2022-11-15 13:28:56,675] [Thread-1]: connected successfully getting song info

[INFO] [2022-11-15 13:28:56,679] [Thread-1]: Trying to connect to https://open.spotify.com/track/7sgNkxl87zjuZlDgSFu6ax
[INFO] [2022-11-15 13:28:57,822] [Thread-1]: connected successfully getting song info

[INFO] [2022-11-15 13:28:57,830] [Thread-1]: Trying to connect to https://open.spotify.com/track/60eAbsb4svFn3d62wfwEUe
[INFO] [2022-11-15 13:28:59,001] [Thread-1]: connected successfully getting song info

[INFO] [2022-11-15 13:28:59,001] [Thread-1]: Trying to connect to https://open.spotify.com/track/2ynFHEs826lmtQYtUizmX3
[INFO] [2022-11-15 13:29:00,059] [Thread-1]: connected successfully getting song info

[INFO] [2022-11-15 13:29:00,063] [Thread-1]: Trying to connect to https://open.spotify.com/track/6JnzJBNp3adsyI3r0McKcR
[INFO] [2022-11-15 13:29:01,100] [Thread-1]: connected successfully getting song info

[INFO] [2022-11-15 13:29:01,100] [Thread-1]: Trying to connect to https://open.spotify.com/track/4u8Gkqyg87iGSW3hQbbnQZ
[INFO] [2022-11-15 13:29:01,911] [Thread-1]: connected successfully getting song info

[INFO] [2022-11-15 13:29:01,915] [Thread-1]: Trying to connect to https://open.spotify.com/track/0BXgcEJSZaTE2g5fjVsppr
[INFO] [2022-11-15 13:29:02,839] [Thread-1]: connected successfully getting song info

[INFO] [2022-11-15 13:29:02,843] [Thread-1]: Trying to connect to https://open.spotify.com/track/2LNVLmk30brSlvNXHP3d6E
[INFO] [2022-11-15 13:29:03,776] [Thread-1]: connected successfully getting song info

[INFO] [2022-11-15 13:29:03,779] [Thread-1]: Trying to connect to https://open.spotify.com/track/0RVC26StglOZKJyCcR02wb
[INFO] [2022-11-15 13:29:04,626] [Thread-1]: connected successfully getting song info

[INFO] [2022-11-15 13:29:04,630] [Thread-1]: Trying to connect to https://open.spotify.com/track/0A9hK4eLHKyvoRq0aOrDbG
[INFO] [2022-11-15 13:29:05,567] [Thread-1]: connected successfully getting song info

[INFO] [2022-11-15 13:29:05,580] [Thread-1]: Trying to connect to https://open.spotify.com/track/3BGdYF8YRMdM9hwo38GKih
[INFO] [2022-11-15 13:29:06,319] [Thread-1]: connected successfully getting song info

[INFO] [2022-11-15 13:29:06,324] [Thread-1]: Trying to connect to https://open.spotify.com/track/0dgrFwOa0RrFzWcM0azTzx
[INFO] [2022-11-15 13:29:07,127] [Thread-1]: connected successfully getting song info

[INFO] [2022-11-15 13:29:07,130] [Thread-1]: Trying to connect to https://open.spotify.com/track/4MyvjyMcDnwFtPvEGSKrbI
[INFO] [2022-11-15 13:29:08,324] [Thread-1]: connected successfully getting song info

[INFO] [2022-11-15 13:29:08,327] [Thread-1]: Trying to connect to https://open.spotify.com/track/2phl4xGeVfWAzEEAJiesVV
[INFO] [2022-11-15 13:29:09,257] [Thread-1]: connected successfully getting song info

[INFO] [2022-11-15 13:29:09,263] [Thread-1]: Trying to connect to https://open.spotify.com/track/2dgFqylK6gyILa4HY65u0y
[INFO] [2022-11-15 13:29:10,207] [Thread-1]: connected successfully getting song info

[INFO] [2022-11-15 13:29:10,212] [Thread-1]: Trying to connect to https://open.spotify.com/track/3i78lP1Y35m6Idgnbw9Fow
[INFO] [2022-11-15 13:29:12,113] [Thread-1]: connected successfully getting song info

[INFO] [2022-11-15 13:29:12,117] [Thread-1]: Trying to connect to https://open.spotify.com/track/4NknsYwkHVIeCxEq18UXCv
[INFO] [2022-11-15 13:29:14,176] [Thread-1]: connected successfully getting song info

[INFO] [2022-11-15 13:29:14,180] [Thread-1]: Trying to connect to https://open.spotify.com/track/3hbZLbum75zWMZyR8K8tDd
[INFO] [2022-11-15 13:29:15,157] [Thread-1]: connected successfully getting song info

[INFO] [2022-11-15 13:29:15,162] [Thread-1]: Trying to connect to https://open.spotify.com/track/6TU3el6rCqHCRepeiCuwj9
[INFO] [2022-11-15 13:29:16,080] [Thread-1]: connected successfully getting song info

[INFO] [2022-11-15 13:29:16,083] [Thread-1]: Trying to connect to https://open.spotify.com/track/6QRhIcvwsEbbgPkYpU1Fzy
[INFO] [2022-11-15 13:29:17,032] [Thread-1]: connected successfully getting song info

[INFO] [2022-11-15 13:29:17,037] [Thread-1]: Trying to connect to https://open.spotify.com/track/0ETUtxLFEUrTQkVdW75YIm
[INFO] [2022-11-15 13:29:17,852] [Thread-1]: connected successfully getting song info

[INFO] [2022-11-15 13:29:17,858] [Thread-1]: Trying to connect to https://open.spotify.com/track/42y19eTYzCOdjaPe32Iiz1
[INFO] [2022-11-15 13:29:18,720] [Thread-1]: connected successfully getting song info

[INFO] [2022-11-15 13:29:18,725] [Thread-1]: Trying to connect to https://open.spotify.com/track/3qGbAQDqeFN0vjXCn6lKZH
[INFO] [2022-11-15 13:29:19,535] [Thread-1]: connected successfully getting song info

[INFO] [2022-11-15 13:29:19,540] [Thread-1]: Trying to connect to https://open.spotify.com/track/7dNGavTuEGF9DNJcZDmyUz
[INFO] [2022-11-15 13:29:20,342] [Thread-1]: connected successfully getting song info

[INFO] [2022-11-15 13:29:20,345] [Thread-1]: Trying to connect to https://open.spotify.com/track/47XFIok67wI0Ta90uMUFZF
[INFO] [2022-11-15 13:29:21,305] [Thread-1]: connected successfully getting song info

[INFO] [2022-11-15 13:29:21,308] [Thread-1]: Trying to connect to https://open.spotify.com/track/7bXvOMQ3UrcTS1dO9Ppzsg
[INFO] [2022-11-15 13:29:22,304] [Thread-1]: connected successfully getting song info

[INFO] [2022-11-15 13:29:22,308] [Thread-1]: Trying to connect to https://open.spotify.com/track/0iQJLCJyv6TTPUP4u4y8DJ
[INFO] [2022-11-15 13:29:23,285] [Thread-1]: connected successfully getting song info

[INFO] [2022-11-15 13:29:23,289] [Thread-1]: Trying to connect to https://open.spotify.com/track/52fjMvE3YNk7lhaxtmVVKv
[INFO] [2022-11-15 13:29:24,474] [Thread-1]: connected successfully getting song info

[INFO] [2022-11-15 13:29:24,474] [Thread-1]: Trying to connect to https://open.spotify.com/track/6YIivt0G3ZUuNrM62jp9pL
[INFO] [2022-11-15 13:29:25,276] [Thread-1]: connected successfully getting song info

[INFO] [2022-11-15 13:29:25,281] [Thread-1]: Trying to connect to https://open.spotify.com/track/3BuLtAmXKy5uQYl4ED1zBT
[INFO] [2022-11-15 13:29:26,046] [Thread-1]: connected successfully getting song info

[INFO] [2022-11-15 13:29:26,050] [Thread-1]: Trying to connect to https://open.spotify.com/track/68EkhVWIeULhHxcbi1QhzK
[INFO] [2022-11-15 13:29:26,916] [Thread-1]: connected successfully getting song info

[INFO] [2022-11-15 13:29:26,919] [Thread-1]: Trying to connect to https://open.spotify.com/track/2XlYhPJ3EJ8afROY5okHzR
[INFO] [2022-11-15 13:29:27,719] [Thread-1]: connected successfully getting song info

[INFO] [2022-11-15 13:29:27,723] [Thread-1]: Trying to connect to https://open.spotify.com/track/0BCEJXmemL21JvNNoOB5TT
[INFO] [2022-11-15 13:29:28,577] [Thread-1]: connected successfully getting song info

[INFO] [2022-11-15 13:29:28,581] [Thread-1]: Trying to connect to https://open.spotify.com/track/0bMbDctzMmTyK2j74j3nF3
[INFO] [2022-11-15 13:29:29,272] [Thread-1]: connected successfully getting song info

[INFO] [2022-11-15 13:29:29,275] [Thread-1]: Trying to connect to https://open.spotify.com/track/6SRWhUJcD2YKahCwHavz3X
[INFO] [2022-11-15 13:29:30,116] [Thread-1]: connected successfully getting song info

[INFO] [2022-11-15 13:29:30,120] [Thread-1]: Trying to connect to https://open.spotify.com/track/1brwdYwjltrJo7WHpIvbYt
[INFO] [2022-11-15 13:29:31,046] [Thread-1]: connected successfully getting song info

[INFO] [2022-11-15 13:29:31,049] [Thread-1]: Trying to connect to https://open.spotify.com/track/698ItKASDavgwZ3WjaWjtz
[INFO] [2022-11-15 13:29:32,263] [Thread-1]: connected successfully getting song info

[INFO] [2022-11-15 13:29:32,268] [Thread-1]: Trying to connect to https://open.spotify.com/track/1jLsirPDkUS2g4gnkYua58
[INFO] [2022-11-15 13:29:33,405] [Thread-1]: connected successfully getting song info

[INFO] [2022-11-15 13:29:33,408] [Thread-1]: Trying to connect to https://open.spotify.com/track/5Ys68FZdQFcFw7IgkANVoM
[INFO] [2022-11-15 13:29:34,778] [Thread-1]: connected successfully getting song info

[INFO] [2022-11-15 13:29:34,794] [Thread-1]: Trying to connect to https://open.spotify.com/track/0DYRjWiFJHvLjxRrywtltC
[INFO] [2022-11-15 13:29:36,355] [Thread-1]: connected successfully getting song info

[INFO] [2022-11-15 13:29:36,359] [Thread-1]: Trying to connect to https://open.spotify.com/track/2CSrG5fnBpcdfPXg7sJUBi
[INFO] [2022-11-15 13:29:37,695] [Thread-1]: connected successfully getting song info

[INFO] [2022-11-15 13:29:37,700] [Thread-1]: Trying to connect to https://open.spotify.com/track/60cYr5uuMoxvyuIx45rGEW
[INFO] [2022-11-15 13:29:38,647] [Thread-1]: connected successfully getting song info

[INFO] [2022-11-15 13:29:38,651] [Thread-1]: Trying to connect to https://open.spotify.com/track/3gYK7eEFbp6KzmqYRMyQRm
[INFO] [2022-11-15 13:29:39,422] [Thread-1]: connected successfully getting song info

[INFO] [2022-11-15 13:29:39,426] [Thread-1]: Trying to connect to https://open.spotify.com/track/57zRWXTQCFRV3zwg0NR8Ck
[INFO] [2022-11-15 13:29:40,316] [Thread-1]: connected successfully getting song info

[INFO] [2022-11-15 13:29:40,332] [Thread-1]: Trying to connect to https://open.spotify.com/track/3XAx9B30xIo3RlDEgcpJcv
[INFO] [2022-11-15 13:29:41,172] [Thread-1]: connected successfully getting song info

[INFO] [2022-11-15 13:29:41,180] [Thread-1]: Trying to connect to https://open.spotify.com/track/1zu2GKHPJIsUu80SUJX4H4
[INFO] [2022-11-15 13:29:41,998] [Thread-1]: connected successfully getting song info

[INFO] [2022-11-15 13:29:41,998] [Thread-1]: Trying to connect to https://open.spotify.com/track/18I7HIzT4GwEzp9jJ8KoFe
[INFO] [2022-11-15 13:29:42,936] [Thread-1]: connected successfully getting song info

[INFO] [2022-11-15 13:29:42,939] [Thread-1]: Trying to connect to https://open.spotify.com/track/0IrtQ83z9jylZaLEJK2eoy
[INFO] [2022-11-15 13:29:43,964] [Thread-1]: connected successfully getting song info

[INFO] [2022-11-15 13:29:43,964] [Thread-1]: Trying to connect to https://open.spotify.com/track/0nDIGYHFxouOrjWkqhovhd
[INFO] [2022-11-15 13:29:44,990] [Thread-1]: connected successfully getting song info

[INFO] [2022-11-15 13:29:44,995] [Thread-1]: Trying to connect to https://open.spotify.com/track/2VNW40O7tLpxz5HKZxsxU8
[INFO] [2022-11-15 13:29:45,717] [Thread-1]: connected successfully getting song info

[INFO] [2022-11-15 13:29:45,719] [Thread-1]: Trying to connect to https://open.spotify.com/track/5WbdngM5qrXxC54FgSk1eA
[INFO] [2022-11-15 13:29:46,529] [Thread-1]: connected successfully getting song info

[INFO] [2022-11-15 13:29:46,533] [Thread-1]: Trying to connect to https://open.spotify.com/track/68XhCrBajUR64h6wv4eYYW
[INFO] [2022-11-15 13:29:47,381] [Thread-1]: connected successfully getting song info

[INFO] [2022-11-15 13:29:47,384] [Thread-1]: Trying to connect to https://open.spotify.com/track/0WHi11uzahqpEtPGYCW6oQ
[INFO] [2022-11-15 13:29:48,219] [Thread-1]: connected successfully getting song info

[INFO] [2022-11-15 13:29:48,219] [Thread-1]: Trying to connect to https://open.spotify.com/track/7pT6WSg4PCt4mr5ZFyUfsF
[INFO] [2022-11-15 13:29:49,185] [Thread-1]: connected successfully getting song info

[INFO] [2022-11-15 13:29:49,189] [Thread-1]: Trying to connect to https://open.spotify.com/track/4iyGOU2Wtc7oNG4pm3taVd
[INFO] [2022-11-15 13:29:50,019] [Thread-1]: connected successfully getting song info

[INFO] [2022-11-15 13:29:50,019] [Thread-1]: Trying to connect to https://open.spotify.com/track/0uLPKDuIhkIhttiwezNdiG
[INFO] [2022-11-15 13:29:50,867] [Thread-1]: connected successfully getting song info

[INFO] [2022-11-15 13:29:50,867] [Thread-1]: Trying to connect to https://open.spotify.com/track/7nlQnzAfSFlB4cXyAIVKRw
[INFO] [2022-11-15 13:29:51,625] [Thread-1]: connected successfully getting song info

[INFO] [2022-11-15 13:29:51,629] [Thread-1]: Trying to connect to https://open.spotify.com/track/2qxmye6gAegTMjLKEBoR3d
[INFO] [2022-11-15 13:29:52,438] [Thread-1]: connected successfully getting song info

[INFO] [2022-11-15 13:29:52,442] [Thread-1]: Trying to connect to https://open.spotify.com/track/1roCmBlcpV7LzsmB7pmCyt
[INFO] [2022-11-15 13:29:53,243] [Thread-1]: connected successfully getting song info

[INFO] [2022-11-15 13:29:53,246] [Thread-1]: Trying to connect to https://open.spotify.com/track/08o7YsYkQXGjamCe9eDrrK
[INFO] [2022-11-15 13:29:54,086] [Thread-1]: connected successfully getting song info

[INFO] [2022-11-15 13:29:54,086] [Thread-1]: Trying to connect to https://open.spotify.com/track/2hGQDYmjkwTS0J7Q2bM2sF
[INFO] [2022-11-15 13:29:54,871] [Thread-1]: connected successfully getting song info

[INFO] [2022-11-15 13:29:54,886] [Thread-1]: Trying to connect to https://open.spotify.com/track/6lERHAmBCZmgODv3OYENXi
[INFO] [2022-11-15 13:29:55,688] [Thread-1]: connected successfully getting song info

[INFO] [2022-11-15 13:29:55,688] [Thread-1]: Trying to connect to https://open.spotify.com/track/4Za834dmVsCNpjRbnrcA8O
[INFO] [2022-11-15 13:29:56,655] [Thread-1]: connected successfully getting song info

[INFO] [2022-11-15 13:29:56,655] [Thread-1]: Trying to connect to https://open.spotify.com/track/4FQmH5dlkaQcDtm4SVzQ8Y
[INFO] [2022-11-15 13:29:57,378] [Thread-1]: connected successfully getting song info

[INFO] [2022-11-15 13:29:57,382] [Thread-1]: Trying to connect to https://open.spotify.com/track/44I5NYJ7CGEcaLOuG2zJsU
[INFO] [2022-11-15 13:29:58,355] [Thread-1]: connected successfully getting song info

[INFO] [2022-11-15 13:29:58,355] [Thread-1]: Trying to connect to https://open.spotify.com/track/7JSSJf4TcJDv8KL6UO8FGH
[INFO] [2022-11-15 13:29:59,271] [Thread-1]: connected successfully getting song info

[INFO] [2022-11-15 13:29:59,275] [Thread-1]: Trying to connect to https://open.spotify.com/track/73FhIADopPC7cJQtvywr75
[INFO] [2022-11-15 13:30:00,176] [Thread-1]: connected successfully getting song info

[INFO] [2022-11-15 13:30:00,179] [Thread-1]: Trying to connect to https://open.spotify.com/track/2W0AJEbIC2vdZTV2nVSAsg
[INFO] [2022-11-15 13:30:01,026] [Thread-1]: connected successfully getting song info

[INFO] [2022-11-15 13:30:01,038] [Thread-1]: Trying to connect to https://open.spotify.com/track/1lcTe5gJ7MRlcLOv5BODr6
[INFO] [2022-11-15 13:30:01,931] [Thread-1]: connected successfully getting song info

[INFO] [2022-11-15 13:30:01,934] [Thread-1]: Trying to connect to https://open.spotify.com/track/22AJMMJMaQ3qtTwlegrKcm
[INFO] [2022-11-15 13:30:02,695] [Thread-1]: connected successfully getting song info

[INFO] [2022-11-15 13:30:02,698] [Thread-1]: Trying to connect to https://open.spotify.com/track/1620rCO9xoE7kug77sS4AJ
[INFO] [2022-11-15 13:30:03,607] [Thread-1]: connected successfully getting song info

[INFO] [2022-11-15 13:30:03,610] [Thread-1]: Trying to connect to https://open.spotify.com/track/1rMSja8j1k8VRXXztemdLb
[INFO] [2022-11-15 13:30:04,380] [Thread-1]: connected successfully getting song info

[INFO] [2022-11-15 13:30:04,384] [Thread-1]: Trying to connect to https://open.spotify.com/track/4IhKLu7Vk3j2TLmnFPl6To
[INFO] [2022-11-15 13:30:05,206] [Thread-1]: connected successfully getting song info

[INFO] [2022-11-15 13:30:05,206] [Thread-1]: Trying to connect to https://open.spotify.com/track/5myjSxfvS8pzSMK3jJcfIL
[INFO] [2022-11-15 13:30:06,039] [Thread-1]: connected successfully getting song info

[INFO] [2022-11-15 13:30:06,058] [Thread-1]: Trying to connect to https://open.spotify.com/track/4tUwBXtIker14xxcDxSXCO
[INFO] [2022-11-15 13:30:06,789] [Thread-1]: connected successfully getting song info

[INFO] [2022-11-15 13:30:06,792] [Thread-1]: Trying to connect to https://open.spotify.com/track/60gNtG4TeY7YQxbxx9mUwU
[INFO] [2022-11-15 13:30:07,547] [Thread-1]: connected successfully getting song info

[INFO] [2022-11-15 13:30:07,550] [Thread-1]: Trying to connect to https://open.spotify.com/track/0johwiyFvPcTbM1miBvaUh
[INFO] [2022-11-15 13:30:08,327] [Thread-1]: connected successfully getting song info

[INFO] [2022-11-15 13:30:08,330] [Thread-1]: Trying to connect to https://open.spotify.com/track/3i7Iyc932rv1AZz7gl7dj8
[INFO] [2022-11-15 13:30:09,134] [Thread-1]: connected successfully getting song info

[INFO] [2022-11-15 13:30:09,137] [Thread-1]: Trying to connect to https://open.spotify.com/track/5Hroj5K7vLpIG4FNCRIjbP
[INFO] [2022-11-15 13:30:09,835] [Thread-1]: connected successfully getting song info

[INFO] [2022-11-15 13:30:09,839] [Thread-1]: Trying to connect to https://open.spotify.com/track/2BgEsaKNfHUdlh97KmvFyo
[INFO] [2022-11-15 13:30:10,642] [Thread-1]: connected successfully getting song info

[INFO] [2022-11-15 13:30:10,645] [Thread-1]: Trying to connect to https://open.spotify.com/track/7nMlSmCDDVxD5GYBJMUb4g
[INFO] [2022-11-15 13:30:11,262] [Thread-1]: connected successfully getting song info

[INFO] [2022-11-15 13:30:11,266] [Thread-1]: Trying to connect to https://open.spotify.com/track/1jEy4S0PriJSPxBIc7XreS
[INFO] [2022-11-15 13:30:11,976] [Thread-1]: connected successfully getting song info

[INFO] [2022-11-15 13:30:11,976] [Thread-1]: thread ended
